
Symbol table '.symtab' contains 35 entries:
   Num:    Value  Size Type    Bind   Vis      Ndx Name
     0: 00000000     0 NOTYPE  LOCAL  DEFAULT  UND 
     1: 00000000     0 SECTION LOCAL  DEFAULT    1 
     2: 00000000     0 SECTION LOCAL  DEFAULT    2 
     3: 00000000     0 SECTION LOCAL  DEFAULT    3 
     4: 0801dacc     0 NOTYPE  LOCAL  DEFAULT  ABS HideRangeSquares
     5: 0801da98     0 NOTYPE  LOCAL  DEFAULT  ABS ShowRangeSquares
     6: 080d01fc     0 NOTYPE  LOCAL  DEFAULT  ABS PlaySoundEffect
     7: 00000064     0 NOTYPE  LOCAL  DEFAULT    1 RebuildRange
     8: 00000064     0 NOTYPE  LOCAL  DEFAULT    1 OffsetList
     9: 00000068     0 NOTYPE  LOCAL  DEFAULT    1 TargetTextID
    10: 00000000     0 NOTYPE  LOCAL  DEFAULT    1 $t
    11: 00000006     0 NOTYPE  LOCAL  DEFAULT    1 HelpText
    12: 0000001c     0 NOTYPE  LOCAL  DEFAULT    1 NoHelpText
    13: 00000010     0 NOTYPE  LOCAL  DEFAULT    1 $d
    14: 00000012     0 NOTYPE  LOCAL  DEFAULT    1 $t
    15: 0000001a     0 NOTYPE  LOCAL  DEFAULT    1 $d
    16: 0000001c     0 NOTYPE  LOCAL  DEFAULT    1 SoundCheck
    17: 0000001c     0 NOTYPE  LOCAL  DEFAULT    1 $t
    18: 00000030     0 NOTYPE  LOCAL  DEFAULT    1 Muted
    19: 0000002e     0 NOTYPE  LOCAL  DEFAULT    1 $d
    20: 00000030     0 NOTYPE  LOCAL  DEFAULT    1 $t
    21: 00000034     0 NOTYPE  LOCAL  DEFAULT    1 $d
    22: 00000036     0 NOTYPE  LOCAL  DEFAULT    1 $t
    23: 0000003c     0 NOTYPE  LOCAL  DEFAULT    1 $d
    24: 0000003e     0 NOTYPE  LOCAL  DEFAULT    1 $t
    25: 00000044     0 NOTYPE  LOCAL  DEFAULT    1 $d
    26: 00000046     0 NOTYPE  LOCAL  DEFAULT    1 End
    27: 00000046     0 NOTYPE  LOCAL  DEFAULT    1 $t
    28: 0000004c     0 NOTYPE  LOCAL  DEFAULT    1 $d
    29: 00000000     0 SECTION LOCAL  DEFAULT    6 
    30: 0000000c     0 NOTYPE  LOCAL  DEFAULT    9 $d
    31: 00000000     0 SECTION LOCAL  DEFAULT    8 
    32: 00000000     0 SECTION LOCAL  DEFAULT    4 
    33: 00000000     0 SECTION LOCAL  DEFAULT    9 
    34: 00000000     0 SECTION LOCAL  DEFAULT   11 
