
Symbol table '.symtab' contains 104 entries:
   Num:    Value  Size Type    Bind   Vis      Ndx Name
     0: 00000000     0 NOTYPE  LOCAL  DEFAULT  UND 
     1: 00000000     0 SECTION LOCAL  DEFAULT    1 
     2: 00000000     0 SECTION LOCAL  DEFAULT    2 
     3: 00000000     0 SECTION LOCAL  DEFAULT    3 
     4: 0202bcf0     0 NOTYPE  LOCAL  DEFAULT  ABS ChapterDataStruct
     5: 0202e4d4     0 NOTYPE  LOCAL  DEFAULT  ABS CurrentMapSize
     6: 0202e4d8     0 NOTYPE  LOCAL  DEFAULT  ABS UnitMapRows
     7: 0202e4e0     0 NOTYPE  LOCAL  DEFAULT  ABS MoveCostMapRows
     8: 0202e4e4     0 NOTYPE  LOCAL  DEFAULT  ABS RangeMapRows
     9: 0202e4e8     0 NOTYPE  LOCAL  DEFAULT  ABS FogMapRows
    10: 0203a958     0 NOTYPE  LOCAL  DEFAULT  ABS ActionStruct
    11: 0203dde8     0 NOTYPE  LOCAL  DEFAULT  ABS TargeterXY
    12: 0203ddec     0 NOTYPE  LOCAL  DEFAULT  ABS TargetList
    13: 0203e0ec     0 NOTYPE  LOCAL  DEFAULT  ABS TargetNum
    14: 02033f3c     0 NOTYPE  LOCAL  DEFAULT  ABS SelectedUnit
    15: 03004e50     0 NOTYPE  LOCAL  DEFAULT  ABS ActiveUnit
    16: 08016aec     0 NOTYPE  LOCAL  DEFAULT  ABS DecrementItemUses
    17: 08016b28     0 NOTYPE  LOCAL  DEFAULT  ABS Unit_GetEquippedWeapon
    18: 08017584     0 NOTYPE  LOCAL  DEFAULT  ABS Item_GetUsesLeft
    19: 08017984     0 NOTYPE  LOCAL  DEFAULT  ABS Unit_ReorderItems
    20: 080179d8     0 NOTYPE  LOCAL  DEFAULT  ABS Unit_GetItemCount
    21: 08019430     0 NOTYPE  LOCAL  DEFAULT  ABS GetUnit
    22: 080189b8     0 NOTYPE  LOCAL  DEFAULT  ABS Unit_GetAid
    23: 08018a1c     0 NOTYPE  LOCAL  DEFAULT  ABS Unit_GetHalfMag
    24: 08019150     0 NOTYPE  LOCAL  DEFAULT  ABS Unit_GetCurHP
    25: 08019190     0 NOTYPE  LOCAL  DEFAULT  ABS Unit_GetMaxHP
    26: 080191b0     0 NOTYPE  LOCAL  DEFAULT  ABS Unit_GetStr
    27: 080191b0     0 NOTYPE  LOCAL  DEFAULT  ABS Unit_GetMag
    28: 080191d0     0 NOTYPE  LOCAL  DEFAULT  ABS Unit_GetSkl
    29: 08019210     0 NOTYPE  LOCAL  DEFAULT  ABS Unit_GetSpd
    30: 08019250     0 NOTYPE  LOCAL  DEFAULT  ABS Unit_GetDef
    31: 08019270     0 NOTYPE  LOCAL  DEFAULT  ABS Unit_GetRes
    32: 08019298     0 NOTYPE  LOCAL  DEFAULT  ABS Unit_GetLuck
    33: 0801949c     0 NOTYPE  LOCAL  DEFAULT  ABS Unit_CanCrossTerrain
    34: 080171e8     0 NOTYPE  LOCAL  DEFAULT  ABS Unit_GetRangeMap
    35: 08028870     0 NOTYPE  LOCAL  DEFAULT  ABS Unit_CanUseItem
    36: 0802ccdc     0 NOTYPE  LOCAL  DEFAULT  ABS StaffHitRate
    37: 080197e4     0 NOTYPE  LOCAL  DEFAULT  ABS FillMap
    38: 0801aabc     0 NOTYPE  LOCAL  DEFAULT  ABS AddRange
    39: 08024eac     0 NOTYPE  LOCAL  DEFAULT  ABS CheckUnitsInRange
    40: 08024f18     0 NOTYPE  LOCAL  DEFAULT  ABS CheckTilesInRange
    41: 08024f70     0 NOTYPE  LOCAL  DEFAULT  ABS CheckAdjacentUnits
    42: 0801da98     0 NOTYPE  LOCAL  DEFAULT  ABS ShowRangeSquares
    43: 0801dacc     0 NOTYPE  LOCAL  DEFAULT  ABS HideRangeSquares
    44: 0804f8a4     0 NOTYPE  LOCAL  DEFAULT  ABS RefreshTargetList
    45: 0804f8bc     0 NOTYPE  LOCAL  DEFAULT  ABS AddTargetListEntry
    46: 0804fd28     0 NOTYPE  LOCAL  DEFAULT  ABS GetTargetListSize
    47: 0804fd34     0 NOTYPE  LOCAL  DEFAULT  ABS GetTargetListEntry
    48: 0804fa3c     0 NOTYPE  LOCAL  DEFAULT  ABS NewTargetSelection
    49: 0804faa4     0 NOTYPE  LOCAL  DEFAULT  ABS NewTargetSelectv2
    50: 08002c7c     0 NOTYPE  LOCAL  DEFAULT  ABS New6C
    51: 08002ce0     0 NOTYPE  LOCAL  DEFAULT  ABS New6CBlocking
    52: 08002d6c     0 NOTYPE  LOCAL  DEFAULT  ABS End6C
    53: 08002e94     0 NOTYPE  LOCAL  DEFAULT  ABS Break6CLoop
    54: 08002e9c     0 NOTYPE  LOCAL  DEFAULT  ABS Find6C
    55: 08002f24     0 NOTYPE  LOCAL  DEFAULT  ABS Goto6CLabel
    56: 08002f5c     0 NOTYPE  LOCAL  DEFAULT  ABS Goto6CPointer
    57: 08002f98     0 NOTYPE  LOCAL  DEFAULT  ABS ForEach6C
    58: 08002fec     0 NOTYPE  LOCAL  DEFAULT  ABS BlockEach6CMarked
    59: 08003014     0 NOTYPE  LOCAL  DEFAULT  ABS UnblockEach6CMarked
    60: 08003040     0 NOTYPE  LOCAL  DEFAULT  ABS DeleteEach6CMarked
    61: 08003078     0 NOTYPE  LOCAL  DEFAULT  ABS DeleteEach6C
    62: 08003094     0 NOTYPE  LOCAL  DEFAULT  ABS BreakEach6CLoop
    63: 08015360     0 NOTYPE  LOCAL  DEFAULT  ABS LockGameLogic
    64: 08015370     0 NOTYPE  LOCAL  DEFAULT  ABS UnlockGameLogic
    65: 0800a240     0 NOTYPE  LOCAL  DEFAULT  ABS GetTextBuffer
    66: 08035708     0 NOTYPE  LOCAL  DEFAULT  ABS SetBottomHelpText
    67: 0802e1f0     0 NOTYPE  LOCAL  DEFAULT  ABS FindTrapAt
    68: 0802e24c     0 NOTYPE  LOCAL  DEFAULT  ABS FindTrapTypeAt
    69: 0802e2b8     0 NOTYPE  LOCAL  DEFAULT  ABS CreateTrap
    70: 0802ea58     0 NOTYPE  LOCAL  DEFAULT  ABS CreateLightRune
    71: 08037a04     0 NOTYPE  LOCAL  DEFAULT  ABS CreateBallista
    72: 0803798c     0 NOTYPE  LOCAL  DEFAULT  ABS FindBallistaAt
    73: 08003d20     0 NOTYPE  LOCAL  DEFAULT  ABS Font_ResetAllocation
    74: 080d01fc     0 NOTYPE  LOCAL  DEFAULT  ABS PlaySoundEffect
    75: 0802951c     0 NOTYPE  LOCAL  DEFAULT  ABS ConfirmStaffUse
    76: 00000000     0 NOTYPE  LOCAL  DEFAULT    1 $t
    77: 0000000c     0 NOTYPE  LOCAL  DEFAULT    1 $d
    78: 0000000e     0 NOTYPE  LOCAL  DEFAULT    1 $t
    79: 00000012     0 NOTYPE  LOCAL  DEFAULT    1 $d
    80: 00000014     0 NOTYPE  LOCAL  DEFAULT    1 $t
    81: 0000001a     0 NOTYPE  LOCAL  DEFAULT    1 $d
    82: 0000001c     0 NOTYPE  LOCAL  DEFAULT    1 $t
    83: 00000022     0 NOTYPE  LOCAL  DEFAULT    1 $d
    84: 00000024     0 NOTYPE  LOCAL  DEFAULT    1 HelpText
    85: 00000024     0 NOTYPE  LOCAL  DEFAULT    1 $t
    86: 0000003a     0 NOTYPE  LOCAL  DEFAULT    1 NoHelpText
    87: 0000002e     0 NOTYPE  LOCAL  DEFAULT    1 $d
    88: 00000030     0 NOTYPE  LOCAL  DEFAULT    1 $t
    89: 00000038     0 NOTYPE  LOCAL  DEFAULT    1 $d
    90: 0000003a     0 NOTYPE  LOCAL  DEFAULT    1 SoundCheck
    91: 0000003a     0 NOTYPE  LOCAL  DEFAULT    1 $t
    92: 0000004e     0 NOTYPE  LOCAL  DEFAULT    1 Muted
    93: 0000004c     0 NOTYPE  LOCAL  DEFAULT    1 $d
    94: 0000004e     0 NOTYPE  LOCAL  DEFAULT    1 End
    95: 0000004e     0 NOTYPE  LOCAL  DEFAULT    1 $t
    96: 00000054     0 NOTYPE  LOCAL  DEFAULT    1 $d
    97: 00000074     0 NOTYPE  LOCAL  DEFAULT    1 OffsetList
    98: 00000000     0 SECTION LOCAL  DEFAULT    6 
    99: 0000000c     0 NOTYPE  LOCAL  DEFAULT    9 $d
   100: 00000000     0 SECTION LOCAL  DEFAULT    8 
   101: 00000000     0 SECTION LOCAL  DEFAULT    4 
   102: 00000000     0 SECTION LOCAL  DEFAULT    9 
   103: 00000000     0 SECTION LOCAL  DEFAULT   11 
