
Symbol table '.symtab' contains 163 entries:
   Num:    Value  Size Type    Bind   Vis      Ndx Name
     0: 00000000     0 NOTYPE  LOCAL  DEFAULT  UND 
     1: 00000000     0 SECTION LOCAL  DEFAULT    1 
     2: 00000000     0 SECTION LOCAL  DEFAULT    2 
     3: 00000000     0 SECTION LOCAL  DEFAULT    3 
     4: 080d1684     0 NOTYPE  LOCAL  DEFAULT  ABS prSVCModulo
     5: 080d167c     0 NOTYPE  LOCAL  DEFAULT  ABS prSVCDivide
     6: 080d1690     0 NOTYPE  LOCAL  DEFAULT  ABS prSVCLZSSUncomp16bit
     7: 080d1694     0 NOTYPE  LOCAL  DEFAULT  ABS prSVCLZSSUncomp8bit
     8: 080d1674     0 NOTYPE  LOCAL  DEFAULT  ABS prSVCMemcopyFast
     9: 080d1678     0 NOTYPE  LOCAL  DEFAULT  ABS prSVCMemcopy
    10: 080d01fc     0 NOTYPE  LOCAL  DEFAULT  ABS prPlaySound
    11: 08024f70     0 NOTYPE  LOCAL  DEFAULT  ABS prForEachAdjacentUnit
    12: 0804f8bc     0 NOTYPE  LOCAL  DEFAULT  ABS prAddTargetListEntry
    13: 0804fd28     0 NOTYPE  LOCAL  DEFAULT  ABS prGetTargetListSize
    14: 0803798c     0 NOTYPE  LOCAL  DEFAULT  ABS prGetBallistaItemAt
    15: 080148e4     0 NOTYPE  LOCAL  DEFAULT  ABS prScheduleRoutineCall
    16: 0807b9b8     0 NOTYPE  LOCAL  DEFAULT  ABS prGetFacingDirectionId
    17: 0801f50c     0 NOTYPE  LOCAL  DEFAULT  ABS prChangeActiveUnitFacing
    18: 080271a0     0 NOTYPE  LOCAL  DEFAULT  ABS prIDunnoReallyButIThinkIt
    19: 080197e4     0 NOTYPE  LOCAL  DEFAULT  ABS prMap_Fill
    20: 0801aabc     0 NOTYPE  LOCAL  DEFAULT  ABS prMap_AddInRange
    21: 08019444     0 NOTYPE  LOCAL  DEFAULT  ABS prClass_GetROMStruct
    22: 0800bc50     0 NOTYPE  LOCAL  DEFAULT  ABS prUnit_GetFromEventParam
    23: 08019430     0 NOTYPE  LOCAL  DEFAULT  ABS prUnit_GetStruct
    24: 0801849c     0 NOTYPE  LOCAL  DEFAULT  ABS prUnit_ApplyMovement
    25: 0801949c     0 NOTYPE  LOCAL  DEFAULT  ABS prUnit_CanCrossTerrain
    26: 08016b28     0 NOTYPE  LOCAL  DEFAULT  ABS prUnit_GetEquippedWeapon
    27: 080179d8     0 NOTYPE  LOCAL  DEFAULT  ABS prUnit_GetItemCount
    28: 080167a4     0 NOTYPE  LOCAL  DEFAULT  ABS prUnit_CanUseAsStaff
    29: 08018a1c     0 NOTYPE  LOCAL  DEFAULT  ABS prUnit_GetMagOn2Range
    30: 080171e8     0 NOTYPE  LOCAL  DEFAULT  ABS prUnit_GetRangeMap
    31: 08028870     0 NOTYPE  LOCAL  DEFAULT  ABS prUnit_CanUseItem
    32: 08019210     0 NOTYPE  LOCAL  DEFAULT  ABS prUnit_GetSpeed
    33: 08019250     0 NOTYPE  LOCAL  DEFAULT  ABS prUnit_GetDefense
    34: 0807a7d8     0 NOTYPE  LOCAL  DEFAULT  ABS prBattleUnit_ShouldWRankU
    35: 0807a770     0 NOTYPE  LOCAL  DEFAULT  ABS prBattleUnit_ShouldWpnBro
    36: 080174ec     0 NOTYPE  LOCAL  DEFAULT  ABS prItem_GetIndex
    37: 080175dc     0 NOTYPE  LOCAL  DEFAULT  ABS prItem_GetMight
    38: 0801756c     0 NOTYPE  LOCAL  DEFAULT  ABS prItem_GetAttributes
    39: 08017548     0 NOTYPE  LOCAL  DEFAULT  ABS prItem_GetWType
    40: 080176b8     0 NOTYPE  LOCAL  DEFAULT  ABS prItem_GetWRank
    41: 0801773c     0 NOTYPE  LOCAL  DEFAULT  ABS prItem_GetUseEffect
    42: 0801766c     0 NOTYPE  LOCAL  DEFAULT  ABS prItem_GetMinRange
    43: 08017684     0 NOTYPE  LOCAL  DEFAULT  ABS prItem_GetMaxRange
    44: 080170d4     0 NOTYPE  LOCAL  DEFAULT  ABS prItem_GetRangeMask
    45: 080174f4     0 NOTYPE  LOCAL  DEFAULT  ABS prItem_GetNameString
    46: 0801618c     0 NOTYPE  LOCAL  DEFAULT  ABS prItem_GetSomeString
    47: 08017700     0 NOTYPE  LOCAL  DEFAULT  ABS prItem_GetIconIndex
    48: 08017054     0 NOTYPE  LOCAL  DEFAULT  ABS prItem_IsItem
    49: 08035708     0 NOTYPE  LOCAL  DEFAULT  ABS prBottomHelpDisplay_New
    50: 08035748     0 NOTYPE  LOCAL  DEFAULT  ABS prBottomHelpDisplay_EndAl
    51: 0804fa3c     0 NOTYPE  LOCAL  DEFAULT  ABS prTargetSelection_New
    52: 0801da98     0 NOTYPE  LOCAL  DEFAULT  ABS prMoveRange_ShowGfx
    53: 0801dacc     0 NOTYPE  LOCAL  DEFAULT  ABS prMoveRange_HideGfx
    54: 0804e368     0 NOTYPE  LOCAL  DEFAULT  ABS prMakeUIWindowTileMap
    55: 08003cb8     0 NOTYPE  LOCAL  DEFAULT  ABS prFont_SetupForUI
    56: 08003d5c     0 NOTYPE  LOCAL  DEFAULT  ABS prText_Init
    57: 08003e54     0 NOTYPE  LOCAL  DEFAULT  ABS prText_SetCursor
    58: 08003e58     0 NOTYPE  LOCAL  DEFAULT  ABS prText_AdvanceCursor
    59: 08003e60     0 NOTYPE  LOCAL  DEFAULT  ABS prText_SetColor
    60: 08003e64     0 NOTYPE  LOCAL  DEFAULT  ABS prText_GetColor
    61: 08003e68     0 NOTYPE  LOCAL  DEFAULT  ABS prText_SetParameters
    62: 08004004     0 NOTYPE  LOCAL  DEFAULT  ABS prText_AppendString
    63: 08003e70     0 NOTYPE  LOCAL  DEFAULT  ABS prText_Draw
    64: 08003edc     0 NOTYPE  LOCAL  DEFAULT  ABS prString_GetTextWidth
    65: 08014334     0 NOTYPE  LOCAL  DEFAULT  ABS prString_FromNumber
    66: 0800a240     0 NOTYPE  LOCAL  DEFAULT  ABS prGetTextInBuffer
    67: 0800a240     0 NOTYPE  LOCAL  DEFAULT  ABS prString_FromIdToStdBuffe
    68: 08015bbc     0 NOTYPE  LOCAL  DEFAULT  ABS prSetCursorMapPosition
    69: 08015e0c     0 NOTYPE  LOCAL  DEFAULT  ABS prBeginCameraMovement
    70: 08011474     0 NOTYPE  LOCAL  DEFAULT  ABS prPopup_MakeSimple
    71: 0801145c     0 NOTYPE  LOCAL  DEFAULT  ABS prPopup_SetShortParam
    72: 08011468     0 NOTYPE  LOCAL  DEFAULT  ABS prPopup_SetNumberParam
    73: 08011450     0 NOTYPE  LOCAL  DEFAULT  ABS prPopup_SetUnitParam
    74: 08078464     0 NOTYPE  LOCAL  DEFAULT  ABS prMOVEUNIT_NewForMapUnit
    75: 08078790     0 NOTYPE  LOCAL  DEFAULT  ABS prMOVEUNIT_SetMovement
    76: 08078694     0 NOTYPE  LOCAL  DEFAULT  ABS prMOVEUNIT_SetSprDirectio
    77: 0807924c     0 NOTYPE  LOCAL  DEFAULT  ABS prMOVEUNIT_GetDisplayPos
    78: 080790a4     0 NOTYPE  LOCAL  DEFAULT  ABS prMOVEUNIT_DeleteAll
    79: 08015360     0 NOTYPE  LOCAL  DEFAULT  ABS prLockGameLogic
    80: 08015370     0 NOTYPE  LOCAL  DEFAULT  ABS prUnlockGameLogic
    81: 08002c7c     0 NOTYPE  LOCAL  DEFAULT  ABS pr6C_New
    82: 08002ce0     0 NOTYPE  LOCAL  DEFAULT  ABS pr6C_NewBlocking
    83: 08002d6c     0 NOTYPE  LOCAL  DEFAULT  ABS pr6C_Delete
    84: 08002e94     0 NOTYPE  LOCAL  DEFAULT  ABS pr6C_BreakLoop
    85: 08002e9c     0 NOTYPE  LOCAL  DEFAULT  ABS pr6C_Find
    86: 08002f24     0 NOTYPE  LOCAL  DEFAULT  ABS pr6C_GotoLabel
    87: 08002f5c     0 NOTYPE  LOCAL  DEFAULT  ABS pr6C_GotoPointer
    88: 08002f98     0 NOTYPE  LOCAL  DEFAULT  ABS pr6C_ForEach
    89: 08002fec     0 NOTYPE  LOCAL  DEFAULT  ABS pr6C_BlockEachMarked
    90: 08003014     0 NOTYPE  LOCAL  DEFAULT  ABS pr6C_UnblockEachMarked
    91: 08003040     0 NOTYPE  LOCAL  DEFAULT  ABS pr6C_DeleteEachMarked
    92: 08003078     0 NOTYPE  LOCAL  DEFAULT  ABS pr6C_DeleteEach
    93: 08003094     0 NOTYPE  LOCAL  DEFAULT  ABS pr6C_BreakEachLoop
    94: 0800927c     0 NOTYPE  LOCAL  DEFAULT  ABS prTCS_New
    95: 08009518     0 NOTYPE  LOCAL  DEFAULT  ABS prTCS_SetSubIndex
    96: 080092bc     0 NOTYPE  LOCAL  DEFAULT  ABS prTCS_Draw
    97: 080092a4     0 NOTYPE  LOCAL  DEFAULT  ABS prTCS_Free
    98: 08004f48     0 NOTYPE  LOCAL  DEFAULT  ABS prAIS_New
    99: 08005004     0 NOTYPE  LOCAL  DEFAULT  ABS prAIS_Free
   100: 08002bb8     0 NOTYPE  LOCAL  DEFAULT  ABS prCopyToOAM_Secondary
   101: 080035d4     0 NOTYPE  LOCAL  DEFAULT  ABS prIcon_LoadPalette
   102: 0800372c     0 NOTYPE  LOCAL  DEFAULT  ABS prIcon_LoadOBJGfx
   103: 0800148c     0 NOTYPE  LOCAL  DEFAULT  ABS prBG_SetPosition
   104: 08001fac     0 NOTYPE  LOCAL  DEFAULT  ABS prBG_EnableByMask
   105: 08001fbc     0 NOTYPE  LOCAL  DEFAULT  ABS prBG_Enable
   106: 08001f94     0 NOTYPE  LOCAL  DEFAULT  ABS prEnablePaletteSync
   107: 08001220     0 NOTYPE  LOCAL  DEFAULT  ABS prBGMap_Fill
   108: 08055188     0 NOTYPE  LOCAL  DEFAULT  ABS prBG1_Clear
   109: 0801c8ac     0 NOTYPE  LOCAL  DEFAULT  ABS prHandlePPCursorMovement
   110: 080148e4     0 NOTYPE  LOCAL  DEFAULT  ABS prCall_Future
   111: 080a3064     0 NOTYPE  LOCAL  DEFAULT  ABS prSaveData_GetSRAMLocatio
   112: 080d184c     0 NOTYPE  LOCAL  DEFAULT  ABS prSaveData_SaveToSRAM
   113: 080039d0     0 NOTYPE  LOCAL  DEFAULT  ABS prDebugPrint
   114: 080039b4     0 NOTYPE  LOCAL  DEFAULT  ABS prDebugPrintHex
   115: 08003abc     0 NOTYPE  LOCAL  DEFAULT  ABS prDebugFlushOnBG2_VScroll
   116: 08003bb0     0 NOTYPE  LOCAL  DEFAULT  ABS prDebugPrintOBJ
   117: 0800378c     0 NOTYPE  LOCAL  DEFAULT  ABS prSetupDebugBGFont
   118: 03004e50     0 NOTYPE  LOCAL  DEFAULT  ABS ppActiveUnit
   119: 02033f3c     0 NOTYPE  LOCAL  DEFAULT  ABS ppSubjectUnit
   120: 0203a4ec     0 NOTYPE  LOCAL  DEFAULT  ABS pBattleUnitInstiagator
   121: 0203a56c     0 NOTYPE  LOCAL  DEFAULT  ABS pBattleUnitTarget
   122: 0203a5ec     0 NOTYPE  LOCAL  DEFAULT  ABS pBattleRoundArray
   123: 0203a608     0 NOTYPE  LOCAL  DEFAULT  ABS ppBattleCurrentRound
   124: 02024cc0     0 NOTYPE  LOCAL  DEFAULT  ABS pKeyStatusBuffer
   125: 0202bcb0     0 NOTYPE  LOCAL  DEFAULT  ABS pGameDataStruct
   126: 0202bcf0     0 NOTYPE  LOCAL  DEFAULT  ABS pChapterDataStruct
   127: 0203a958     0 NOTYPE  LOCAL  DEFAULT  ABS pActionStruct
   128: 02020188     0 NOTYPE  LOCAL  DEFAULT  ABS pGenericBuffer
   129: 0202e4d4     0 NOTYPE  LOCAL  DEFAULT  ABS pCurrentMapSize
   130: 030004b8     0 NOTYPE  LOCAL  DEFAULT  ABS pEventSlot0
   131: 0202e4d8     0 NOTYPE  LOCAL  DEFAULT  ABS ppUnitMapRows
   132: 0202e4dc     0 NOTYPE  LOCAL  DEFAULT  ABS ppTerrainMapRows
   133: 0202e4e0     0 NOTYPE  LOCAL  DEFAULT  ABS ppMoveMapRows
   134: 0202e4e4     0 NOTYPE  LOCAL  DEFAULT  ABS ppRangeMapRows
   135: 0202e4e8     0 NOTYPE  LOCAL  DEFAULT  ABS ppFogMapRows
   136: 0202e4f0     0 NOTYPE  LOCAL  DEFAULT  ABS ppOtherMoveMapRows
   137: 02022ca8     0 NOTYPE  LOCAL  DEFAULT  ABS pBG0TileMap
   138: 020234a8     0 NOTYPE  LOCAL  DEFAULT  ABS pBG1TileMap
   139: 02023ca8     0 NOTYPE  LOCAL  DEFAULT  ABS pBG2TileMap
   140: 020244a8     0 NOTYPE  LOCAL  DEFAULT  ABS pBG3TileMap
   141: 020228a8     0 NOTYPE  LOCAL  DEFAULT  ABS pPaletteBuffer
   142: 03003080     0 NOTYPE  LOCAL  DEFAULT  ABS pLCDControlBuffer
   143: 030005f4     0 NOTYPE  LOCAL  DEFAULT  ABS pPopupShortArgument
   144: 030005f0     0 NOTYPE  LOCAL  DEFAULT  ABS ppPopupUnit
   145: 030005f8     0 NOTYPE  LOCAL  DEFAULT  ABS pPopupNumber
   146: 02020140     0 NOTYPE  LOCAL  DEFAULT  ABS pp6CBattlePopup
   147: 02020144     0 NOTYPE  LOCAL  DEFAULT  ABS pBattlePopupEnded
   148: 0859b600     0 NOTYPE  LOCAL  DEFAULT  ABS p6C_GBToUnitMenu
   149: 00000000     0 NOTYPE  LOCAL  DEFAULT    1 $t
   150: 0000000e     0 NOTYPE  LOCAL  DEFAULT    1 $d
   151: 00000010     0 NOTYPE  LOCAL  DEFAULT    1 $t
   152: 00000014     0 NOTYPE  LOCAL  DEFAULT    1 $d
   153: 00000016     0 NOTYPE  LOCAL  DEFAULT    1 $t
   154: 0000001a     0 NOTYPE  LOCAL  DEFAULT    1 $d
   155: 0000001c     0 NOTYPE  LOCAL  DEFAULT    1 $t
   156: 00000024     0 NOTYPE  LOCAL  DEFAULT    1 $d
   157: 00000000     0 SECTION LOCAL  DEFAULT    6 
   158: 0000000c     0 NOTYPE  LOCAL  DEFAULT    9 $d
   159: 00000000     0 SECTION LOCAL  DEFAULT    8 
   160: 00000000     0 SECTION LOCAL  DEFAULT    4 
   161: 00000000     0 SECTION LOCAL  DEFAULT    9 
   162: 00000000     0 SECTION LOCAL  DEFAULT   11 
