
Symbol table '.symtab' contains 27 entries:
   Num:    Value  Size Type    Bind   Vis      Ndx Name
     0: 00000000     0 NOTYPE  LOCAL  DEFAULT  UND 
     1: 00000000     0 SECTION LOCAL  DEFAULT    1 
     2: 00000000     0 SECTION LOCAL  DEFAULT    2 
     3: 00000000     0 SECTION LOCAL  DEFAULT    3 
     4: 0801766c     0 NOTYPE  LOCAL  DEFAULT  ABS Item_MinRange
     5: 08017684     0 NOTYPE  LOCAL  DEFAULT  ABS Item_MaxRange
     6: 08018a1c     0 NOTYPE  LOCAL  DEFAULT  ABS HalfMagRange
     7: 00000000     0 NOTYPE  LOCAL  DEFAULT    1 $t
     8: 00000010     0 NOTYPE  LOCAL  DEFAULT    1 $d
     9: 00000012     0 NOTYPE  LOCAL  DEFAULT    1 $t
    10: 0000001a     0 NOTYPE  LOCAL  DEFAULT    1 $d
    11: 0000001c     0 NOTYPE  LOCAL  DEFAULT    1 $t
    12: 0000002e     0 NOTYPE  LOCAL  DEFAULT    1 End
    13: 00000038     0 NOTYPE  LOCAL  DEFAULT    1 AbnormalRanges
    14: 00000058     0 NOTYPE  LOCAL  DEFAULT    1 NullCase
    15: 00000058     0 NOTYPE  LOCAL  DEFAULT    1 Case2
    16: 00000048     0 NOTYPE  LOCAL  DEFAULT    1 Case1
    17: 0000004e     0 NOTYPE  LOCAL  DEFAULT    1 $d
    18: 00000050     0 NOTYPE  LOCAL  DEFAULT    1 $t
    19: 00000058     0 NOTYPE  LOCAL  DEFAULT    1 Return
    20: 0000005c     0 NOTYPE  LOCAL  DEFAULT    1 $d
    21: 00000000     0 SECTION LOCAL  DEFAULT    6 
    22: 0000000c     0 NOTYPE  LOCAL  DEFAULT    9 $d
    23: 00000000     0 SECTION LOCAL  DEFAULT    8 
    24: 00000000     0 SECTION LOCAL  DEFAULT    4 
    25: 00000000     0 SECTION LOCAL  DEFAULT    9 
    26: 00000000     0 SECTION LOCAL  DEFAULT   11 
