
Symbol table '.symtab' contains 80 entries:
   Num:    Value  Size Type    Bind   Vis      Ndx Name
     0: 00000000     0 NOTYPE  LOCAL  DEFAULT  UND 
     1: 00000000     0 SECTION LOCAL  DEFAULT    1 
     2: 00000000     0 SECTION LOCAL  DEFAULT    2 
     3: 00000000     0 SECTION LOCAL  DEFAULT    3 
     4: 0202bcb0     0 NOTYPE  LOCAL  DEFAULT  ABS GameDataStruct
     5: 0202bcf0     0 NOTYPE  LOCAL  DEFAULT  ABS ChapterDataStruct
     6: 0203a958     0 NOTYPE  LOCAL  DEFAULT  ABS ActionStruct
     7: 02033f3c     0 NOTYPE  LOCAL  DEFAULT  ABS SelectedUnit
     8: 03004e50     0 NOTYPE  LOCAL  DEFAULT  ABS ActiveUnit
     9: 0203a4ec     0 NOTYPE  LOCAL  DEFAULT  ABS BattleActingUnit
    10: 0203a56c     0 NOTYPE  LOCAL  DEFAULT  ABS BattleTargetUnit
    11: 0203dde8     0 NOTYPE  LOCAL  DEFAULT  ABS TargeterXY
    12: 0203ddec     0 NOTYPE  LOCAL  DEFAULT  ABS TargetList
    13: 0203e0ec     0 NOTYPE  LOCAL  DEFAULT  ABS TargetNum
    14: 0202e4d4     0 NOTYPE  LOCAL  DEFAULT  ABS CurrentMapSize
    15: 0202e4d8     0 NOTYPE  LOCAL  DEFAULT  ABS rsUnitMapRows
    16: 0202e4dc     0 NOTYPE  LOCAL  DEFAULT  ABS rsTerrainMapRows
    17: 0202e4e0     0 NOTYPE  LOCAL  DEFAULT  ABS rsMoveMapRows
    18: 0202e4e4     0 NOTYPE  LOCAL  DEFAULT  ABS rsRangeMapRows
    19: 0202e4e8     0 NOTYPE  LOCAL  DEFAULT  ABS rsFogMapRows
    20: 0202e4f0     0 NOTYPE  LOCAL  DEFAULT  ABS rsOtherMoveMapRows
    21: 08019430     0 NOTYPE  LOCAL  DEFAULT  ABS RamUnitByID
    22: 0802cb24     0 NOTYPE  LOCAL  DEFAULT  ABS BActingUnitUpdate
    23: 0802cbc8     0 NOTYPE  LOCAL  DEFAULT  ABS BTargetUnitUpdate
    24: 08016aec     0 NOTYPE  LOCAL  DEFAULT  ABS DecrementItemUses
    25: 08016b28     0 NOTYPE  LOCAL  DEFAULT  ABS Unit_GetEquippedWeapon
    26: 08017984     0 NOTYPE  LOCAL  DEFAULT  ABS Unit_ReorderItems
    27: 080179d8     0 NOTYPE  LOCAL  DEFAULT  ABS Unit_ItemCount
    28: 08019430     0 NOTYPE  LOCAL  DEFAULT  ABS GetUnit
    29: 080189b8     0 NOTYPE  LOCAL  DEFAULT  ABS Unit_GetAid
    30: 08018a1c     0 NOTYPE  LOCAL  DEFAULT  ABS Unit_GetHalfMag
    31: 08019150     0 NOTYPE  LOCAL  DEFAULT  ABS Unit_GetCurHP
    32: 08019190     0 NOTYPE  LOCAL  DEFAULT  ABS Unit_GetMaxHP
    33: 080191b0     0 NOTYPE  LOCAL  DEFAULT  ABS Unit_GetStr
    34: 080191b0     0 NOTYPE  LOCAL  DEFAULT  ABS Unit_GetMag
    35: 080191d0     0 NOTYPE  LOCAL  DEFAULT  ABS Unit_GetSkl
    36: 08019210     0 NOTYPE  LOCAL  DEFAULT  ABS Unit_GetSpd
    37: 08019250     0 NOTYPE  LOCAL  DEFAULT  ABS Unit_GetDef
    38: 08019270     0 NOTYPE  LOCAL  DEFAULT  ABS Unit_GetRes
    39: 08019298     0 NOTYPE  LOCAL  DEFAULT  ABS Unit_GetLuck
    40: 0801949c     0 NOTYPE  LOCAL  DEFAULT  ABS Unit_CanCrossTerrain
    41: 080171e8     0 NOTYPE  LOCAL  DEFAULT  ABS Unit_GetRangeMap
    42: 08028870     0 NOTYPE  LOCAL  DEFAULT  ABS Unit_CanUseItem
    43: 0802ccdc     0 NOTYPE  LOCAL  DEFAULT  ABS StaffHitRate
    44: 080175dc     0 NOTYPE  LOCAL  DEFAULT  ABS Item_GetMight
    45: 0801760c     0 NOTYPE  LOCAL  DEFAULT  ABS Item_GetWeight
    46: 0802e1f0     0 NOTYPE  LOCAL  DEFAULT  ABS FindTrapAt
    47: 0802e24c     0 NOTYPE  LOCAL  DEFAULT  ABS FindTrapTypeAt
    48: 0802e2b8     0 NOTYPE  LOCAL  DEFAULT  ABS CreateTrap
    49: 0802ea58     0 NOTYPE  LOCAL  DEFAULT  ABS CreateLightRune
    50: 08037a04     0 NOTYPE  LOCAL  DEFAULT  ABS CreateBallista
    51: 0803798c     0 NOTYPE  LOCAL  DEFAULT  ABS FindBallistaAt
    52: 08002c7c     0 NOTYPE  LOCAL  DEFAULT  ABS New6C
    53: 08002ce0     0 NOTYPE  LOCAL  DEFAULT  ABS New6CBlocking
    54: 08002d6c     0 NOTYPE  LOCAL  DEFAULT  ABS End6C
    55: 08002e94     0 NOTYPE  LOCAL  DEFAULT  ABS Break6CLoop
    56: 08002e9c     0 NOTYPE  LOCAL  DEFAULT  ABS Find6C
    57: 080d01fc     0 NOTYPE  LOCAL  DEFAULT  ABS PlaySoundEffect
    58: 0802951c     0 NOTYPE  LOCAL  DEFAULT  ABS ConfirmStaffUse
    59: 0000006c     0 NOTYPE  LOCAL  DEFAULT  ABS HealingItem
    60: 00000068     0 NOTYPE  LOCAL  DEFAULT    1 HealHPUpdate
    61: 00000068     0 NOTYPE  LOCAL  DEFAULT    1 OffsetList
    62: 00000000     0 NOTYPE  LOCAL  DEFAULT    1 $t
    63: 0000004c     0 NOTYPE  LOCAL  DEFAULT    1 jump
    64: 00000014     0 NOTYPE  LOCAL  DEFAULT    1 $d
    65: 00000016     0 NOTYPE  LOCAL  DEFAULT    1 $t
    66: 00000026     0 NOTYPE  LOCAL  DEFAULT    1 $d
    67: 00000028     0 NOTYPE  LOCAL  DEFAULT    1 $t
    68: 00000038     0 NOTYPE  LOCAL  DEFAULT    1 $d
    69: 0000003a     0 NOTYPE  LOCAL  DEFAULT    1 $t
    70: 00000046     0 NOTYPE  LOCAL  DEFAULT    1 $d
    71: 00000048     0 NOTYPE  LOCAL  DEFAULT    1 $t
    72: 00000050     0 NOTYPE  LOCAL  DEFAULT    1 $d
    73: 00000068     0 NOTYPE  LOCAL  DEFAULT    1 $d
    74: 00000000     0 SECTION LOCAL  DEFAULT    6 
    75: 0000000c     0 NOTYPE  LOCAL  DEFAULT    9 $d
    76: 00000000     0 SECTION LOCAL  DEFAULT    8 
    77: 00000000     0 SECTION LOCAL  DEFAULT    4 
    78: 00000000     0 SECTION LOCAL  DEFAULT    9 
    79: 00000000     0 SECTION LOCAL  DEFAULT   11 
