
Symbol table '.symtab' contains 18 entries:
   Num:    Value  Size Type    Bind   Vis      Ndx Name
     0: 00000000     0 NOTYPE  LOCAL  DEFAULT  UND 
     1: 00000000     0 SECTION LOCAL  DEFAULT    1 
     2: 00000000     0 SECTION LOCAL  DEFAULT    2 
     3: 00000000     0 SECTION LOCAL  DEFAULT    3 
     4: 00000038     0 NOTYPE  LOCAL  DEFAULT    1 Return
     5: 00000038     0 NOTYPE  LOCAL  DEFAULT    1 OffsetList
     6: 0000003c     0 NOTYPE  LOCAL  DEFAULT    1 VulnRoutine
     7: 00000040     0 NOTYPE  LOCAL  DEFAULT    1 GetCharPointer
     8: 00000044     0 NOTYPE  LOCAL  DEFAULT    1 ItemMightGetter
     9: 00000000     0 NOTYPE  LOCAL  DEFAULT    1 $t
    10: 00000034     0 NOTYPE  LOCAL  DEFAULT    1 Jump
    11: 00000032     0 NOTYPE  LOCAL  DEFAULT    1 DoNothing
    12: 00000000     0 SECTION LOCAL  DEFAULT    6 
    13: 00000000     0 SECTION LOCAL  DEFAULT    8 
    14: 00000000     0 SECTION LOCAL  DEFAULT    4 
    15: 00000000     0 SECTION LOCAL  DEFAULT   11 
    16: 00000000     0 SECTION LOCAL  DEFAULT    9 
    17: 00000000     0 SECTION LOCAL  DEFAULT   12 
