
Symbol table '.symtab' contains 176 entries:
   Num:    Value  Size Type    Bind   Vis      Ndx Name
     0: 00000000     0 NOTYPE  LOCAL  DEFAULT  UND 
     1: 00000000     0 SECTION LOCAL  DEFAULT    1 
     2: 00000000     0 SECTION LOCAL  DEFAULT    2 
     3: 00000000     0 SECTION LOCAL  DEFAULT    3 
     4: 08012f50     0 NOTYPE  LOCAL  DEFAULT  ABS LoadCompressedData
     5: 080d1684     0 NOTYPE  LOCAL  DEFAULT  ABS SVCModulo
     6: 080d167c     0 NOTYPE  LOCAL  DEFAULT  ABS SVCDivide
     7: 080d1690     0 NOTYPE  LOCAL  DEFAULT  ABS SVCLZSSUncomp16bit
     8: 080d1694     0 NOTYPE  LOCAL  DEFAULT  ABS SVCLZSSUncomp8bit
     9: 080d1674     0 NOTYPE  LOCAL  DEFAULT  ABS SVCMemcopyFast
    10: 080d1678     0 NOTYPE  LOCAL  DEFAULT  ABS SVCMemcopy
    11: 080d01fc     0 NOTYPE  LOCAL  DEFAULT  ABS PlaySound
    12: 08024f70     0 NOTYPE  LOCAL  DEFAULT  ABS ForEachAdjacentUnit
    13: 0804f8bc     0 NOTYPE  LOCAL  DEFAULT  ABS AddTargetListEntry
    14: 0804fd28     0 NOTYPE  LOCAL  DEFAULT  ABS GetTargetListSize
    15: 0803798c     0 NOTYPE  LOCAL  DEFAULT  ABS GetBallistaItemAt
    16: 080148e4     0 NOTYPE  LOCAL  DEFAULT  ABS ScheduleRoutineCall
    17: 0807b9b8     0 NOTYPE  LOCAL  DEFAULT  ABS GetFacingDirectionId
    18: 0801f50c     0 NOTYPE  LOCAL  DEFAULT  ABS ChangeActiveUnitFacing
    19: 080271a0     0 NOTYPE  LOCAL  DEFAULT  ABS IDunnoReallyButIThinkItUp
    20: 080197e4     0 NOTYPE  LOCAL  DEFAULT  ABS Map_Fill
    21: 0801aabc     0 NOTYPE  LOCAL  DEFAULT  ABS Map_AddInRange
    22: 0801b9a4     0 NOTYPE  LOCAL  DEFAULT  ABS Map_IncRange
    23: 08019444     0 NOTYPE  LOCAL  DEFAULT  ABS Class_GetROMStruct
    24: 0800bc50     0 NOTYPE  LOCAL  DEFAULT  ABS Unit_GetFromEventParam
    25: 08019430     0 NOTYPE  LOCAL  DEFAULT  ABS GetUnit
    26: 0801849c     0 NOTYPE  LOCAL  DEFAULT  ABS Unit_ApplyMovement
    27: 0801949c     0 NOTYPE  LOCAL  DEFAULT  ABS Unit_CanCrossTerrain
    28: 08016b28     0 NOTYPE  LOCAL  DEFAULT  ABS Unit_GetEquippedWeapon
    29: 080179d8     0 NOTYPE  LOCAL  DEFAULT  ABS Unit_GetItemCount
    30: 080167a4     0 NOTYPE  LOCAL  DEFAULT  ABS Unit_CanUseAsStaff
    31: 08018a1c     0 NOTYPE  LOCAL  DEFAULT  ABS Unit_GetMagOn2Range
    32: 080171e8     0 NOTYPE  LOCAL  DEFAULT  ABS Unit_GetRangeMap
    33: 08028870     0 NOTYPE  LOCAL  DEFAULT  ABS Unit_CanUseItem
    34: 08019210     0 NOTYPE  LOCAL  DEFAULT  ABS Unit_GetSpeed
    35: 08019250     0 NOTYPE  LOCAL  DEFAULT  ABS Unit_GetDefense
    36: 0807a7d8     0 NOTYPE  LOCAL  DEFAULT  ABS BattleUnit_ShouldWRankUp
    37: 0807a770     0 NOTYPE  LOCAL  DEFAULT  ABS BattleUnit_ShouldWpnBroke
    38: 080174ec     0 NOTYPE  LOCAL  DEFAULT  ABS Item_GetIndex
    39: 080175dc     0 NOTYPE  LOCAL  DEFAULT  ABS Item_GetMight
    40: 0801756c     0 NOTYPE  LOCAL  DEFAULT  ABS Item_GetAttributes
    41: 08017548     0 NOTYPE  LOCAL  DEFAULT  ABS Item_GetWType
    42: 080176b8     0 NOTYPE  LOCAL  DEFAULT  ABS Item_GetWRank
    43: 0801773c     0 NOTYPE  LOCAL  DEFAULT  ABS Item_GetUseEffect
    44: 0801766c     0 NOTYPE  LOCAL  DEFAULT  ABS Item_GetMinRange
    45: 08017684     0 NOTYPE  LOCAL  DEFAULT  ABS Item_GetMaxRange
    46: 080170d4     0 NOTYPE  LOCAL  DEFAULT  ABS Item_GetRangeMask
    47: 080174f4     0 NOTYPE  LOCAL  DEFAULT  ABS Item_GetNameString
    48: 0801618c     0 NOTYPE  LOCAL  DEFAULT  ABS Item_GetSomeString
    49: 08017700     0 NOTYPE  LOCAL  DEFAULT  ABS Item_GetIconIndex
    50: 08017054     0 NOTYPE  LOCAL  DEFAULT  ABS Item_IsItem
    51: 08035708     0 NOTYPE  LOCAL  DEFAULT  ABS BottomHelpDisplay_New
    52: 08035748     0 NOTYPE  LOCAL  DEFAULT  ABS BottomHelpDisplay_EndAll
    53: 0804fa3c     0 NOTYPE  LOCAL  DEFAULT  ABS TargetSelection_New
    54: 0801da98     0 NOTYPE  LOCAL  DEFAULT  ABS MoveRange_ShowGfx
    55: 0801dacc     0 NOTYPE  LOCAL  DEFAULT  ABS MoveRange_HideGfx
    56: 0804e368     0 NOTYPE  LOCAL  DEFAULT  ABS MakeUIWindowTileMap
    57: 08003cb8     0 NOTYPE  LOCAL  DEFAULT  ABS Font_SetupForUI
    58: 08003d20     0 NOTYPE  LOCAL  DEFAULT  ABS Font_ResetAllocation
    59: 08003d5c     0 NOTYPE  LOCAL  DEFAULT  ABS Text_Init
    60: 08003e54     0 NOTYPE  LOCAL  DEFAULT  ABS Text_SetCursor
    61: 08003e58     0 NOTYPE  LOCAL  DEFAULT  ABS Text_AdvanceCursor
    62: 08003e60     0 NOTYPE  LOCAL  DEFAULT  ABS Text_SetColor
    63: 08003e64     0 NOTYPE  LOCAL  DEFAULT  ABS Text_GetColor
    64: 08003e68     0 NOTYPE  LOCAL  DEFAULT  ABS Text_SetParameters
    65: 08004004     0 NOTYPE  LOCAL  DEFAULT  ABS Text_AppendString
    66: 08003e70     0 NOTYPE  LOCAL  DEFAULT  ABS Text_Draw
    67: 08003edc     0 NOTYPE  LOCAL  DEFAULT  ABS String_GetTextWidth
    68: 08014334     0 NOTYPE  LOCAL  DEFAULT  ABS String_FromNumber
    69: 0800a240     0 NOTYPE  LOCAL  DEFAULT  ABS String_FromIdToStdBuffer
    70: 08015bbc     0 NOTYPE  LOCAL  DEFAULT  ABS SetCursorMapPosition
    71: 08015e0c     0 NOTYPE  LOCAL  DEFAULT  ABS BeginCameraMovement
    72: 08011474     0 NOTYPE  LOCAL  DEFAULT  ABS Popup_MakeSimple
    73: 0801145c     0 NOTYPE  LOCAL  DEFAULT  ABS Popup_SetShortParam
    74: 08011468     0 NOTYPE  LOCAL  DEFAULT  ABS Popup_SetNumberParam
    75: 08011450     0 NOTYPE  LOCAL  DEFAULT  ABS Popup_SetUnitParam
    76: 08078464     0 NOTYPE  LOCAL  DEFAULT  ABS MOVEUNIT_NewForMapUnit
    77: 08078790     0 NOTYPE  LOCAL  DEFAULT  ABS MOVEUNIT_SetMovement
    78: 08078694     0 NOTYPE  LOCAL  DEFAULT  ABS MOVEUNIT_SetSprDirection
    79: 0807924c     0 NOTYPE  LOCAL  DEFAULT  ABS MOVEUNIT_GetDisplayPos
    80: 080790a4     0 NOTYPE  LOCAL  DEFAULT  ABS MOVEUNIT_DeleteAll
    81: 08015360     0 NOTYPE  LOCAL  DEFAULT  ABS LockGameLogic
    82: 08015370     0 NOTYPE  LOCAL  DEFAULT  ABS UnlockGameLogic
    83: 08002c7c     0 NOTYPE  LOCAL  DEFAULT  ABS New6C
    84: 08002ce0     0 NOTYPE  LOCAL  DEFAULT  ABS New6CBlocking
    85: 08002d6c     0 NOTYPE  LOCAL  DEFAULT  ABS End6C
    86: 08002e94     0 NOTYPE  LOCAL  DEFAULT  ABS Break6CLoop
    87: 08002e9c     0 NOTYPE  LOCAL  DEFAULT  ABS Find6C
    88: 08002f24     0 NOTYPE  LOCAL  DEFAULT  ABS Goto6CLabel
    89: 08002f5c     0 NOTYPE  LOCAL  DEFAULT  ABS Goto6CPointer
    90: 08002f98     0 NOTYPE  LOCAL  DEFAULT  ABS ForEach6C
    91: 08002fec     0 NOTYPE  LOCAL  DEFAULT  ABS BlockEach6CMarked
    92: 08003014     0 NOTYPE  LOCAL  DEFAULT  ABS UnblockEach6CMarked
    93: 08003040     0 NOTYPE  LOCAL  DEFAULT  ABS DeleteEach6CMarked
    94: 08003078     0 NOTYPE  LOCAL  DEFAULT  ABS DeleteEach6C
    95: 08003094     0 NOTYPE  LOCAL  DEFAULT  ABS BreakEach6CLoop
    96: 0800927c     0 NOTYPE  LOCAL  DEFAULT  ABS TCS_New
    97: 08009518     0 NOTYPE  LOCAL  DEFAULT  ABS TCS_SetAnim
    98: 080092bc     0 NOTYPE  LOCAL  DEFAULT  ABS TCS_Update
    99: 080092a4     0 NOTYPE  LOCAL  DEFAULT  ABS TCS_Free
   100: 08004f48     0 NOTYPE  LOCAL  DEFAULT  ABS AIS_New
   101: 08005004     0 NOTYPE  LOCAL  DEFAULT  ABS AIS_Free
   102: 08002bb8     0 NOTYPE  LOCAL  DEFAULT  ABS CopyToOAM_Secondary
   103: 080035d4     0 NOTYPE  LOCAL  DEFAULT  ABS Icon_LoadPalette
   104: 0800372c     0 NOTYPE  LOCAL  DEFAULT  ABS Icon_LoadOBJGfx
   105: 0800148c     0 NOTYPE  LOCAL  DEFAULT  ABS BG_SetPosition
   106: 08001fac     0 NOTYPE  LOCAL  DEFAULT  ABS BG_EnableSyncByMask
   107: 08001fbc     0 NOTYPE  LOCAL  DEFAULT  ABS BG_EnableSync
   108: 08001f94     0 NOTYPE  LOCAL  DEFAULT  ABS EnablePaletteSync
   109: 08001220     0 NOTYPE  LOCAL  DEFAULT  ABS BGMap_Fill
   110: 08055188     0 NOTYPE  LOCAL  DEFAULT  ABS BG1_Clear
   111: 0801c8ac     0 NOTYPE  LOCAL  DEFAULT  ABS HandlePPCursorMovement
   112: 080148e4     0 NOTYPE  LOCAL  DEFAULT  ABS Call_Future
   113: 080a3064     0 NOTYPE  LOCAL  DEFAULT  ABS SaveData_GetSRAMLocation
   114: 080d184c     0 NOTYPE  LOCAL  DEFAULT  ABS SaveData_SaveToSRAM
   115: 080039d0     0 NOTYPE  LOCAL  DEFAULT  ABS DebugPrint
   116: 080039b4     0 NOTYPE  LOCAL  DEFAULT  ABS DebugPrintHex
   117: 08003abc     0 NOTYPE  LOCAL  DEFAULT  ABS DebugFlushOnBG2_VScroll
   118: 08003bb0     0 NOTYPE  LOCAL  DEFAULT  ABS DebugPrintOBJ
   119: 0800378c     0 NOTYPE  LOCAL  DEFAULT  ABS SetupDebugBGFont
   120: 080267fc     0 NOTYPE  LOCAL  DEFAULT  ABS SMS_GetGraphicsIndex
   121: 080bac30     0 NOTYPE  LOCAL  DEFAULT  ABS MMS_GetROMTCS
   122: 080bac1c     0 NOTYPE  LOCAL  DEFAULT  ABS MMS_GetGfx
   123: 08079558     0 NOTYPE  LOCAL  DEFAULT  ABS MOVEUNIT_GetGfxBuffer
   124: 03004e50     0 NOTYPE  LOCAL  DEFAULT  ABS ppActiveUnit
   125: 02033f3c     0 NOTYPE  LOCAL  DEFAULT  ABS ppSubjectUnit
   126: 0203a4ec     0 NOTYPE  LOCAL  DEFAULT  ABS pBattleUnitInstiagator
   127: 0203a56c     0 NOTYPE  LOCAL  DEFAULT  ABS pBattleUnitTarget
   128: 0203a5ec     0 NOTYPE  LOCAL  DEFAULT  ABS pBattleRoundArray
   129: 0203a608     0 NOTYPE  LOCAL  DEFAULT  ABS ppBattleCurrentRound
   130: 02024cc0     0 NOTYPE  LOCAL  DEFAULT  ABS pKeyStatusBuffer
   131: 0202bcb0     0 NOTYPE  LOCAL  DEFAULT  ABS pGameDataStruct
   132: 0202bcf0     0 NOTYPE  LOCAL  DEFAULT  ABS pChapterDataStruct
   133: 0203a958     0 NOTYPE  LOCAL  DEFAULT  ABS pActionStruct
   134: 02020188     0 NOTYPE  LOCAL  DEFAULT  ABS pGenericBuffer
   135: 0202e4d4     0 NOTYPE  LOCAL  DEFAULT  ABS pCurrentMapSize
   136: 030004b8     0 NOTYPE  LOCAL  DEFAULT  ABS pEventSlot0
   137: 0202e4d8     0 NOTYPE  LOCAL  DEFAULT  ABS ppUnitMapRows
   138: 0202e4dc     0 NOTYPE  LOCAL  DEFAULT  ABS ppTerrainMapRows
   139: 0202e4e0     0 NOTYPE  LOCAL  DEFAULT  ABS ppMoveMapRows
   140: 0202e4e4     0 NOTYPE  LOCAL  DEFAULT  ABS ppRangeMapRows
   141: 0202e4e8     0 NOTYPE  LOCAL  DEFAULT  ABS ppFogMapRows
   142: 0202e4f0     0 NOTYPE  LOCAL  DEFAULT  ABS ppOtherMoveMapRows
   143: 02022ca8     0 NOTYPE  LOCAL  DEFAULT  ABS pBG0TileMap
   144: 020234a8     0 NOTYPE  LOCAL  DEFAULT  ABS pBG1TileMap
   145: 02023ca8     0 NOTYPE  LOCAL  DEFAULT  ABS pBG2TileMap
   146: 020244a8     0 NOTYPE  LOCAL  DEFAULT  ABS pBG3TileMap
   147: 020228a8     0 NOTYPE  LOCAL  DEFAULT  ABS pPaletteBuffer
   148: 03003080     0 NOTYPE  LOCAL  DEFAULT  ABS pLCDControlBuffer
   149: 030005f4     0 NOTYPE  LOCAL  DEFAULT  ABS pPopupShortArgument
   150: 030005f0     0 NOTYPE  LOCAL  DEFAULT  ABS ppPopupUnit
   151: 030005f8     0 NOTYPE  LOCAL  DEFAULT  ABS pPopupNumber
   152: 02020140     0 NOTYPE  LOCAL  DEFAULT  ABS pp6CBattlePopup
   153: 02020144     0 NOTYPE  LOCAL  DEFAULT  ABS pBattlePopupEnded
   154: 0859b600     0 NOTYPE  LOCAL  DEFAULT  ABS p6C_GBToUnitMenu
   155: 08590f44     0 NOTYPE  LOCAL  DEFAULT  ABS pOAM_8x8
   156: 08590f4c     0 NOTYPE  LOCAL  DEFAULT  ABS pOAM_16x16
   157: 08590f54     0 NOTYPE  LOCAL  DEFAULT  ABS pOAM_32x32
   158: 08590f5c     0 NOTYPE  LOCAL  DEFAULT  ABS pOAM_64x64
   159: 08590f6c     0 NOTYPE  LOCAL  DEFAULT  ABS pOAM_16x32
   160: 08026838     0 NOTYPE  LOCAL  DEFAULT  ABS ppStandingMapSpriteTable
   161: 02033f40     0 NOTYPE  LOCAL  DEFAULT  ABS paSMSTileIndexLookup
   162: 00000028     0 NOTYPE  LOCAL  DEFAULT    1 Proc_FreeSelect
   163: 00000028     0 NOTYPE  LOCAL  DEFAULT    1 PointerList
   164: 00000000     0 NOTYPE  LOCAL  DEFAULT    1 $t
   165: 0000000c     0 NOTYPE  LOCAL  DEFAULT    1 $d
   166: 0000000e     0 NOTYPE  LOCAL  DEFAULT    1 $t
   167: 0000001c     0 NOTYPE  LOCAL  DEFAULT    1 End
   168: 00000022     0 NOTYPE  LOCAL  DEFAULT    1 Jump
   169: 00000024     0 NOTYPE  LOCAL  DEFAULT    1 $d
   170: 00000000     0 SECTION LOCAL  DEFAULT    6 
   171: 0000000c     0 NOTYPE  LOCAL  DEFAULT    9 $d
   172: 00000000     0 SECTION LOCAL  DEFAULT    8 
   173: 00000000     0 SECTION LOCAL  DEFAULT    4 
   174: 00000000     0 SECTION LOCAL  DEFAULT    9 
   175: 00000000     0 SECTION LOCAL  DEFAULT   11 
