
Symbol table '.symtab' contains 27 entries:
   Num:    Value  Size Type    Bind   Vis      Ndx Name
     0: 00000000     0 NOTYPE  LOCAL  DEFAULT  UND 
     1: 00000000     0 SECTION LOCAL  DEFAULT    1 
     2: 00000000     0 SECTION LOCAL  DEFAULT    2 
     3: 00000000     0 SECTION LOCAL  DEFAULT    3 
     4: 0801756c     0 NOTYPE  LOCAL  DEFAULT  ABS GetItemAttributes
     5: 08017548     0 NOTYPE  LOCAL  DEFAULT  ABS GetItemWType
     6: 08016b8c     0 NOTYPE  LOCAL  DEFAULT  ABS IsItemCoveringRange
     7: 00000000     0 NOTYPE  LOCAL  DEFAULT    1 $t
     8: 00000002     0 NOTYPE  LOCAL  DEFAULT    1 CheckCurrentWeapon
     9: 00000010     0 NOTYPE  LOCAL  DEFAULT    1 $d
    10: 00000012     0 NOTYPE  LOCAL  DEFAULT    1 $t
    11: 0000002e     0 NOTYPE  LOCAL  DEFAULT    1 CheckNextWeapon
    12: 0000008a     0 NOTYPE  LOCAL  DEFAULT    1 StatusChecks
    13: 0000001e     0 NOTYPE  LOCAL  DEFAULT    1 CantCounter
    14: 00000048     0 NOTYPE  LOCAL  DEFAULT    1 $d
    15: 0000004a     0 NOTYPE  LOCAL  DEFAULT    1 $t
    16: 0000004e     0 NOTYPE  LOCAL  DEFAULT    1 StoreSuccessfulWeaponFind
    17: 00000074     0 NOTYPE  LOCAL  DEFAULT    1 $d
    18: 00000076     0 NOTYPE  LOCAL  DEFAULT    1 $t
    19: 00000082     0 NOTYPE  LOCAL  DEFAULT    1 $d
    20: 00000084     0 NOTYPE  LOCAL  DEFAULT    1 $t
    21: 00000094     0 NOTYPE  LOCAL  DEFAULT    1 $d
    22: 00000000     0 SECTION LOCAL  DEFAULT    6 
    23: 00000000     0 SECTION LOCAL  DEFAULT    8 
    24: 00000000     0 SECTION LOCAL  DEFAULT    4 
    25: 00000000     0 SECTION LOCAL  DEFAULT    9 
    26: 00000000     0 SECTION LOCAL  DEFAULT   11 
