
Symbol table '.symtab' contains 21 entries:
   Num:    Value  Size Type    Bind   Vis      Ndx Name
     0: 00000000     0 NOTYPE  LOCAL  DEFAULT  UND 
     1: 00000000     0 SECTION LOCAL  DEFAULT    1 
     2: 00000000     0 SECTION LOCAL  DEFAULT    2 
     3: 00000000     0 SECTION LOCAL  DEFAULT    3 
     4: 0000003c     0 NOTYPE  LOCAL  DEFAULT    1 SkillTester
     5: 0000003c     0 NOTYPE  LOCAL  DEFAULT    1 OffsetList
     6: 00000040     0 NOTYPE  LOCAL  DEFAULT    1 RangeSkillsList
     7: 00000000     0 NOTYPE  LOCAL  DEFAULT    1 $t
     8: 0000000a     0 NOTYPE  LOCAL  DEFAULT    1 Loop
     9: 0000001c     0 NOTYPE  LOCAL  DEFAULT    1 SkipSkillCheck
    10: 00000016     0 NOTYPE  LOCAL  DEFAULT    1 $d
    11: 00000018     0 NOTYPE  LOCAL  DEFAULT    1 $t
    12: 0000002e     0 NOTYPE  LOCAL  DEFAULT    1 Reloop
    13: 00000032     0 NOTYPE  LOCAL  DEFAULT    1 End
    14: 00000038     0 NOTYPE  LOCAL  DEFAULT    1 Jump_r3
    15: 00000000     0 SECTION LOCAL  DEFAULT    6 
    16: 0000000c     0 NOTYPE  LOCAL  DEFAULT    9 $d
    17: 00000000     0 SECTION LOCAL  DEFAULT    8 
    18: 00000000     0 SECTION LOCAL  DEFAULT    4 
    19: 00000000     0 SECTION LOCAL  DEFAULT    9 
    20: 00000000     0 SECTION LOCAL  DEFAULT   11 
