
Symbol table '.symtab' contains 46 entries:
   Num:    Value  Size Type    Bind   Vis      Ndx Name
     0: 00000000     0 NOTYPE  LOCAL  DEFAULT  UND 
     1: 00000000     0 SECTION LOCAL  DEFAULT    1 
     2: 00000000     0 SECTION LOCAL  DEFAULT    2 
     3: 00000000     0 SECTION LOCAL  DEFAULT    3 
     4: 0202e4d4     0 NOTYPE  LOCAL  DEFAULT  ABS MapSize
     5: 0202e4e0     0 NOTYPE  LOCAL  DEFAULT  ABS MoveCostMapRows
     6: 0202e4e4     0 NOTYPE  LOCAL  DEFAULT  ABS RangeMap
     7: 0203a958     0 NOTYPE  LOCAL  DEFAULT  ABS ActionStruct
     8: 0203aa94     0 NOTYPE  LOCAL  DEFAULT  ABS AIActionStruct
     9: 03004e50     0 NOTYPE  LOCAL  DEFAULT  ABS ActiveUnit
    10: 0203aa04     0 NOTYPE  LOCAL  DEFAULT  ABS turnList
    11: 08019430     0 NOTYPE  LOCAL  DEFAULT  ABS RamUnitByID
    12: 08016b28     0 NOTYPE  LOCAL  DEFAULT  ABS Unit_GetEquippedWeapon
    13: 080189b8     0 NOTYPE  LOCAL  DEFAULT  ABS Unit_GetAid
    14: 08018a1c     0 NOTYPE  LOCAL  DEFAULT  ABS Unit_GetHalfMag
    15: 08019150     0 NOTYPE  LOCAL  DEFAULT  ABS Unit_GetCurHP
    16: 08019190     0 NOTYPE  LOCAL  DEFAULT  ABS Unit_GetMaxHP
    17: 080191b0     0 NOTYPE  LOCAL  DEFAULT  ABS Unit_GetStr
    18: 080191b0     0 NOTYPE  LOCAL  DEFAULT  ABS Unit_GetMag
    19: 080191d0     0 NOTYPE  LOCAL  DEFAULT  ABS Unit_GetSkl
    20: 08019210     0 NOTYPE  LOCAL  DEFAULT  ABS Unit_GetSpd
    21: 08019250     0 NOTYPE  LOCAL  DEFAULT  ABS Unit_GetDef
    22: 08019270     0 NOTYPE  LOCAL  DEFAULT  ABS Unit_GetRes
    23: 08019298     0 NOTYPE  LOCAL  DEFAULT  ABS Unit_GetLuck
    24: 0801949c     0 NOTYPE  LOCAL  DEFAULT  ABS Unit_CanCrossTerrain
    25: 0803c818     0 NOTYPE  LOCAL  DEFAULT  ABS AIAllegianceCheck
    26: 0802e1f0     0 NOTYPE  LOCAL  DEFAULT  ABS FindTrapAt
    27: 0802e24c     0 NOTYPE  LOCAL  DEFAULT  ABS FindTrapType
    28: 080197e4     0 NOTYPE  LOCAL  DEFAULT  ABS FillMap
    29: 0801aabc     0 NOTYPE  LOCAL  DEFAULT  ABS AddRange
    30: 0801b950     0 NOTYPE  LOCAL  DEFAULT  ABS MagicSealCheck
    31: 0803c490     0 NOTYPE  LOCAL  DEFAULT  ABS MovBuild
    32: 0803bfd0     0 NOTYPE  LOCAL  DEFAULT  ABS IsTileReachable
    33: 0803c284     0 NOTYPE  LOCAL  DEFAULT  ABS FindNewSpot
    34: 08039c20     0 NOTYPE  LOCAL  DEFAULT  ABS ActionWrite
    35: 0802ccdc     0 NOTYPE  LOCAL  DEFAULT  ABS StaffHitRate
    36: 00000000     0 NOTYPE  LOCAL  DEFAULT    1 $t
    37: 00000034     0 NOTYPE  LOCAL  DEFAULT    1 DrawRange
    38: 00000032     0 NOTYPE  LOCAL  DEFAULT    1 Jumpr4
    39: 0000002c     0 NOTYPE  LOCAL  DEFAULT    1 SkipMinRange
    40: 00000000     0 SECTION LOCAL  DEFAULT    6 
    41: 0000000c     0 NOTYPE  LOCAL  DEFAULT    9 $d
    42: 00000000     0 SECTION LOCAL  DEFAULT    8 
    43: 00000000     0 SECTION LOCAL  DEFAULT    4 
    44: 00000000     0 SECTION LOCAL  DEFAULT    9 
    45: 00000000     0 SECTION LOCAL  DEFAULT   11 
