
Symbol table '.symtab' contains 60 entries:
   Num:    Value  Size Type    Bind   Vis      Ndx Name
     0: 00000000     0 NOTYPE  LOCAL  DEFAULT  UND 
     1: 00000000     0 SECTION LOCAL  DEFAULT    1 
     2: 00000000     0 SECTION LOCAL  DEFAULT    2 
     3: 00000000     0 SECTION LOCAL  DEFAULT    3 
     4: 0202e4d4     0 NOTYPE  LOCAL  DEFAULT  ABS MapSize
     5: 0202e4d8     0 NOTYPE  LOCAL  DEFAULT  ABS UnitMapRows
     6: 0202e4dc     0 NOTYPE  LOCAL  DEFAULT  ABS TerrainMapRows
     7: 0202e4e0     0 NOTYPE  LOCAL  DEFAULT  ABS MoveCostMapRows
     8: 0202e4e4     0 NOTYPE  LOCAL  DEFAULT  ABS RangeMapRows
     9: 0203a958     0 NOTYPE  LOCAL  DEFAULT  ABS ActionStruct
    10: 0203aa94     0 NOTYPE  LOCAL  DEFAULT  ABS AIActionStruct
    11: 0203aa04     0 NOTYPE  LOCAL  DEFAULT  ABS turnList
    12: 03004e50     0 NOTYPE  LOCAL  DEFAULT  ABS ActiveUnit
    13: 0202be44     0 NOTYPE  LOCAL  DEFAULT  ABS ActiveUnitInfo
    14: 08019430     0 NOTYPE  LOCAL  DEFAULT  ABS RamUnitByID
    15: 08016b28     0 NOTYPE  LOCAL  DEFAULT  ABS Unit_GetEquippedWeapon
    16: 080189b8     0 NOTYPE  LOCAL  DEFAULT  ABS Unit_GetAid
    17: 08018a1c     0 NOTYPE  LOCAL  DEFAULT  ABS Unit_GetHalfMag
    18: 08019150     0 NOTYPE  LOCAL  DEFAULT  ABS Unit_GetCurHP
    19: 08019190     0 NOTYPE  LOCAL  DEFAULT  ABS Unit_GetMaxHP
    20: 080191b0     0 NOTYPE  LOCAL  DEFAULT  ABS Unit_GetStr
    21: 080191b0     0 NOTYPE  LOCAL  DEFAULT  ABS Unit_GetMag
    22: 080191d0     0 NOTYPE  LOCAL  DEFAULT  ABS Unit_GetSkl
    23: 08019210     0 NOTYPE  LOCAL  DEFAULT  ABS Unit_GetSpd
    24: 08019250     0 NOTYPE  LOCAL  DEFAULT  ABS Unit_GetDef
    25: 08019270     0 NOTYPE  LOCAL  DEFAULT  ABS Unit_GetRes
    26: 08019298     0 NOTYPE  LOCAL  DEFAULT  ABS Unit_GetLuck
    27: 0801949c     0 NOTYPE  LOCAL  DEFAULT  ABS Unit_CanCrossTerrain
    28: 0803c44c     0 NOTYPE  LOCAL  DEFAULT  ABS Unit_HasUsableStaff
    29: 0803c818     0 NOTYPE  LOCAL  DEFAULT  ABS AIAllegianceCheck
    30: 080d167c     0 NOTYPE  LOCAL  DEFAULT  ABS GetPercentage
    31: 0802e1f0     0 NOTYPE  LOCAL  DEFAULT  ABS FindTrapAt
    32: 0802e24c     0 NOTYPE  LOCAL  DEFAULT  ABS FindTrapType
    33: 080197e4     0 NOTYPE  LOCAL  DEFAULT  ABS FillMap
    34: 0801aabc     0 NOTYPE  LOCAL  DEFAULT  ABS AddRange
    35: 0801b950     0 NOTYPE  LOCAL  DEFAULT  ABS MagicSealCheck
    36: 0803c490     0 NOTYPE  LOCAL  DEFAULT  ABS MovBuild
    37: 0803bfd0     0 NOTYPE  LOCAL  DEFAULT  ABS IsTileReachable
    38: 0803c284     0 NOTYPE  LOCAL  DEFAULT  ABS FindNewSpot
    39: 08039c20     0 NOTYPE  LOCAL  DEFAULT  ABS ActionWrite
    40: 0802ccdc     0 NOTYPE  LOCAL  DEFAULT  ABS StaffHitRate
    41: 00000058     0 NOTYPE  LOCAL  DEFAULT    1 FillRange
    42: 00000058     0 NOTYPE  LOCAL  DEFAULT    1 OffsetList
    43: 0803c3b0     0 NOTYPE  LOCAL  DEFAULT  ABS RecoveryModeUnitsInRange
    44: 00000000     0 NOTYPE  LOCAL  DEFAULT    1 $t
    45: 00000014     0 NOTYPE  LOCAL  DEFAULT    1 $d
    46: 00000016     0 NOTYPE  LOCAL  DEFAULT    1 $t
    47: 00000020     0 NOTYPE  LOCAL  DEFAULT    1 $d
    48: 00000022     0 NOTYPE  LOCAL  DEFAULT    1 $t
    49: 00000026     0 NOTYPE  LOCAL  DEFAULT    1 $d
    50: 00000028     0 NOTYPE  LOCAL  DEFAULT    1 $t
    51: 00000044     0 NOTYPE  LOCAL  DEFAULT    1 End
    52: 00000040     0 NOTYPE  LOCAL  DEFAULT    1 Usable
    53: 0000004c     0 NOTYPE  LOCAL  DEFAULT    1 $d
    54: 00000000     0 SECTION LOCAL  DEFAULT    6 
    55: 0000000c     0 NOTYPE  LOCAL  DEFAULT    9 $d
    56: 00000000     0 SECTION LOCAL  DEFAULT    8 
    57: 00000000     0 SECTION LOCAL  DEFAULT    4 
    58: 00000000     0 SECTION LOCAL  DEFAULT    9 
    59: 00000000     0 SECTION LOCAL  DEFAULT   11 
