
Symbol table '.symtab' contains 55 entries:
   Num:    Value  Size Type    Bind   Vis      Ndx Name
     0: 00000000     0 NOTYPE  LOCAL  DEFAULT  UND 
     1: 00000000     0 SECTION LOCAL  DEFAULT    1 
     2: 00000000     0 SECTION LOCAL  DEFAULT    2 
     3: 00000000     0 SECTION LOCAL  DEFAULT    3 
     4: 0202e4d4     0 NOTYPE  LOCAL  DEFAULT  ABS MapSize
     5: 0202e4e0     0 NOTYPE  LOCAL  DEFAULT  ABS MoveCostMapRows
     6: 0202e4e4     0 NOTYPE  LOCAL  DEFAULT  ABS RangeMap
     7: 0203a958     0 NOTYPE  LOCAL  DEFAULT  ABS ActionStruct
     8: 0203aa94     0 NOTYPE  LOCAL  DEFAULT  ABS AIActionStruct
     9: 03004e50     0 NOTYPE  LOCAL  DEFAULT  ABS ActiveUnit
    10: 0203aa04     0 NOTYPE  LOCAL  DEFAULT  ABS turnList
    11: 08019430     0 NOTYPE  LOCAL  DEFAULT  ABS RamUnitByID
    12: 08016b28     0 NOTYPE  LOCAL  DEFAULT  ABS Unit_GetEquippedWeapon
    13: 080189b8     0 NOTYPE  LOCAL  DEFAULT  ABS Unit_GetAid
    14: 08018a1c     0 NOTYPE  LOCAL  DEFAULT  ABS Unit_GetHalfMag
    15: 08019150     0 NOTYPE  LOCAL  DEFAULT  ABS Unit_GetCurHP
    16: 08019190     0 NOTYPE  LOCAL  DEFAULT  ABS Unit_GetMaxHP
    17: 080191b0     0 NOTYPE  LOCAL  DEFAULT  ABS Unit_GetStr
    18: 080191b0     0 NOTYPE  LOCAL  DEFAULT  ABS Unit_GetMag
    19: 080191d0     0 NOTYPE  LOCAL  DEFAULT  ABS Unit_GetSkl
    20: 08019210     0 NOTYPE  LOCAL  DEFAULT  ABS Unit_GetSpd
    21: 08019250     0 NOTYPE  LOCAL  DEFAULT  ABS Unit_GetDef
    22: 08019270     0 NOTYPE  LOCAL  DEFAULT  ABS Unit_GetRes
    23: 08019298     0 NOTYPE  LOCAL  DEFAULT  ABS Unit_GetLuck
    24: 0801949c     0 NOTYPE  LOCAL  DEFAULT  ABS Unit_CanCrossTerrain
    25: 0803c818     0 NOTYPE  LOCAL  DEFAULT  ABS AIAllegianceCheck
    26: 080d167c     0 NOTYPE  LOCAL  DEFAULT  ABS GetPercentage
    27: 0802e1f0     0 NOTYPE  LOCAL  DEFAULT  ABS FindTrapAt
    28: 0802e24c     0 NOTYPE  LOCAL  DEFAULT  ABS FindTrapType
    29: 080197e4     0 NOTYPE  LOCAL  DEFAULT  ABS FillMap
    30: 0801aabc     0 NOTYPE  LOCAL  DEFAULT  ABS AddRange
    31: 0801b950     0 NOTYPE  LOCAL  DEFAULT  ABS MagicSealCheck
    32: 0803c490     0 NOTYPE  LOCAL  DEFAULT  ABS MovBuild
    33: 0803bfd0     0 NOTYPE  LOCAL  DEFAULT  ABS IsTileReachable
    34: 0803c284     0 NOTYPE  LOCAL  DEFAULT  ABS FindNewSpot
    35: 08039c20     0 NOTYPE  LOCAL  DEFAULT  ABS ActionWrite
    36: 0802ccdc     0 NOTYPE  LOCAL  DEFAULT  ABS StaffHitRate
    37: 00000064     0 NOTYPE  LOCAL  DEFAULT  ABS MaxPercent
    38: 00000038     0 NOTYPE  LOCAL  DEFAULT    1 AI_IfAlly
    39: 00000038     0 NOTYPE  LOCAL  DEFAULT    1 OffsetList
    40: 0000003c     0 NOTYPE  LOCAL  DEFAULT    1 GetHpPercent
    41: 00000000     0 NOTYPE  LOCAL  DEFAULT    1 $t
    42: 00000030     0 NOTYPE  LOCAL  DEFAULT    1 CantHit
    43: 00000018     0 NOTYPE  LOCAL  DEFAULT    1 $d
    44: 0000001a     0 NOTYPE  LOCAL  DEFAULT    1 $t
    45: 00000024     0 NOTYPE  LOCAL  DEFAULT    1 $d
    46: 00000026     0 NOTYPE  LOCAL  DEFAULT    1 $t
    47: 0000002c     0 NOTYPE  LOCAL  DEFAULT    1 Usable
    48: 00000032     0 NOTYPE  LOCAL  DEFAULT    1 End
    49: 00000000     0 SECTION LOCAL  DEFAULT    6 
    50: 0000000c     0 NOTYPE  LOCAL  DEFAULT    9 $d
    51: 00000000     0 SECTION LOCAL  DEFAULT    8 
    52: 00000000     0 SECTION LOCAL  DEFAULT    4 
    53: 00000000     0 SECTION LOCAL  DEFAULT    9 
    54: 00000000     0 SECTION LOCAL  DEFAULT   11 
