
Symbol table '.symtab' contains 42 entries:
   Num:    Value  Size Type    Bind   Vis      Ndx Name
     0: 00000000     0 NOTYPE  LOCAL  DEFAULT  UND 
     1: 00000000     0 SECTION LOCAL  DEFAULT    1 
     2: 00000000     0 SECTION LOCAL  DEFAULT    2 
     3: 00000000     0 SECTION LOCAL  DEFAULT    3 
     4: 0202e4d4     0 NOTYPE  LOCAL  DEFAULT  ABS MapSize
     5: 0202e4e0     0 NOTYPE  LOCAL  DEFAULT  ABS MoveCostMapRows
     6: 0202e4e4     0 NOTYPE  LOCAL  DEFAULT  ABS RangeMap
     7: 0203a958     0 NOTYPE  LOCAL  DEFAULT  ABS ActionStruct
     8: 0203aa94     0 NOTYPE  LOCAL  DEFAULT  ABS AIActionStruct
     9: 03004e50     0 NOTYPE  LOCAL  DEFAULT  ABS ActiveUnit
    10: 0203aa04     0 NOTYPE  LOCAL  DEFAULT  ABS turnList
    11: 08018a1c     0 NOTYPE  LOCAL  DEFAULT  ABS GetHalfMag
    12: 08019150     0 NOTYPE  LOCAL  DEFAULT  ABS GetCurrentHP
    13: 08019190     0 NOTYPE  LOCAL  DEFAULT  ABS GetMaxHP
    14: 08019430     0 NOTYPE  LOCAL  DEFAULT  ABS RamCharByID
    15: 0803c818     0 NOTYPE  LOCAL  DEFAULT  ABS AIAllegianceCheck
    16: 0802e1f0     0 NOTYPE  LOCAL  DEFAULT  ABS FindTrapAt
    17: 0802e24c     0 NOTYPE  LOCAL  DEFAULT  ABS FindTrapType
    18: 080197e4     0 NOTYPE  LOCAL  DEFAULT  ABS FillMap
    19: 0801aabc     0 NOTYPE  LOCAL  DEFAULT  ABS AddRange
    20: 0801b950     0 NOTYPE  LOCAL  DEFAULT  ABS MagicSealCheck
    21: 0803c490     0 NOTYPE  LOCAL  DEFAULT  ABS MovBuild
    22: 0803bfd0     0 NOTYPE  LOCAL  DEFAULT  ABS IsTileReachable
    23: 0803c284     0 NOTYPE  LOCAL  DEFAULT  ABS FindNewSpot
    24: 08039c20     0 NOTYPE  LOCAL  DEFAULT  ABS ActionWrite
    25: 0802ccdc     0 NOTYPE  LOCAL  DEFAULT  ABS StaffHitRate
    26: 00000000     0 NOTYPE  LOCAL  DEFAULT    1 RangeBuilder
    27: 00000000     0 NOTYPE  LOCAL  DEFAULT    1 $t
    28: 00000014     0 NOTYPE  LOCAL  DEFAULT    1 $d
    29: 00000016     0 NOTYPE  LOCAL  DEFAULT    1 $t
    30: 00000022     0 NOTYPE  LOCAL  DEFAULT    1 $d
    31: 00000024     0 NOTYPE  LOCAL  DEFAULT    1 $t
    32: 0000003a     0 NOTYPE  LOCAL  DEFAULT    1 SkipMinRange
    33: 00000038     0 NOTYPE  LOCAL  DEFAULT    1 $d
    34: 0000003a     0 NOTYPE  LOCAL  DEFAULT    1 $t
    35: 00000040     0 NOTYPE  LOCAL  DEFAULT    1 $d
    36: 00000000     0 SECTION LOCAL  DEFAULT    6 
    37: 0000000c     0 NOTYPE  LOCAL  DEFAULT    9 $d
    38: 00000000     0 SECTION LOCAL  DEFAULT    8 
    39: 00000000     0 SECTION LOCAL  DEFAULT    4 
    40: 00000000     0 SECTION LOCAL  DEFAULT    9 
    41: 00000000     0 SECTION LOCAL  DEFAULT   11 
