
Symbol table '.symtab' contains 80 entries:
   Num:    Value  Size Type    Bind   Vis      Ndx Name
     0: 00000000     0 NOTYPE  LOCAL  DEFAULT  UND 
     1: 00000000     0 SECTION LOCAL  DEFAULT    1 
     2: 00000000     0 SECTION LOCAL  DEFAULT    2 
     3: 00000000     0 SECTION LOCAL  DEFAULT    3 
     4: 0202e4d4     0 NOTYPE  LOCAL  DEFAULT  ABS MapSize
     5: 0202e4e0     0 NOTYPE  LOCAL  DEFAULT  ABS MoveCostMapRows
     6: 0202e4e4     0 NOTYPE  LOCAL  DEFAULT  ABS RangeMap
     7: 0203a958     0 NOTYPE  LOCAL  DEFAULT  ABS ActionStruct
     8: 0203aa94     0 NOTYPE  LOCAL  DEFAULT  ABS AIActionStruct
     9: 03004e50     0 NOTYPE  LOCAL  DEFAULT  ABS ActiveUnit
    10: 0203aa04     0 NOTYPE  LOCAL  DEFAULT  ABS turnList
    11: 08019430     0 NOTYPE  LOCAL  DEFAULT  ABS RamUnitByID
    12: 08016b28     0 NOTYPE  LOCAL  DEFAULT  ABS Unit_GetEquippedWeapon
    13: 080189b8     0 NOTYPE  LOCAL  DEFAULT  ABS Unit_GetAid
    14: 08018a1c     0 NOTYPE  LOCAL  DEFAULT  ABS Unit_GetHalfMag
    15: 08019150     0 NOTYPE  LOCAL  DEFAULT  ABS Unit_GetCurHP
    16: 08019190     0 NOTYPE  LOCAL  DEFAULT  ABS Unit_GetMaxHP
    17: 080191b0     0 NOTYPE  LOCAL  DEFAULT  ABS Unit_GetStr
    18: 080191b0     0 NOTYPE  LOCAL  DEFAULT  ABS Unit_GetMag
    19: 080191d0     0 NOTYPE  LOCAL  DEFAULT  ABS Unit_GetSkl
    20: 08019210     0 NOTYPE  LOCAL  DEFAULT  ABS Unit_GetSpd
    21: 08019250     0 NOTYPE  LOCAL  DEFAULT  ABS Unit_GetDef
    22: 08019270     0 NOTYPE  LOCAL  DEFAULT  ABS Unit_GetRes
    23: 08019298     0 NOTYPE  LOCAL  DEFAULT  ABS Unit_GetLuck
    24: 0801949c     0 NOTYPE  LOCAL  DEFAULT  ABS Unit_CanCrossTerrain
    25: 0803c818     0 NOTYPE  LOCAL  DEFAULT  ABS AIAllegianceCheck
    26: 0802e1f0     0 NOTYPE  LOCAL  DEFAULT  ABS FindTrapAt
    27: 0802e24c     0 NOTYPE  LOCAL  DEFAULT  ABS FindTrapType
    28: 080197e4     0 NOTYPE  LOCAL  DEFAULT  ABS FillMap
    29: 0801aabc     0 NOTYPE  LOCAL  DEFAULT  ABS AddRange
    30: 0801b950     0 NOTYPE  LOCAL  DEFAULT  ABS MagicSealCheck
    31: 0803c490     0 NOTYPE  LOCAL  DEFAULT  ABS MovBuild
    32: 0803bfd0     0 NOTYPE  LOCAL  DEFAULT  ABS IsTileReachable
    33: 0803c284     0 NOTYPE  LOCAL  DEFAULT  ABS FindNewSpot
    34: 08039c20     0 NOTYPE  LOCAL  DEFAULT  ABS ActionWrite
    35: 0802ccdc     0 NOTYPE  LOCAL  DEFAULT  ABS StaffHitRate
    36: 00000184     0 NOTYPE  LOCAL  DEFAULT    1 MovGetter
    37: 00000184     0 NOTYPE  LOCAL  DEFAULT    1 OffsetList
    38: 00000188     0 NOTYPE  LOCAL  DEFAULT    1 StaffRangeGetter
    39: 0000018c     0 NOTYPE  LOCAL  DEFAULT    1 AIStaffRangeBuilder
    40: 00000000     0 NOTYPE  LOCAL  DEFAULT    1 $t
    41: 00000028     0 NOTYPE  LOCAL  DEFAULT    1 $d
    42: 0000002a     0 NOTYPE  LOCAL  DEFAULT    1 $t
    43: 00000030     0 NOTYPE  LOCAL  DEFAULT    1 $d
    44: 00000032     0 NOTYPE  LOCAL  DEFAULT    1 $t
    45: 000000f2     0 NOTYPE  LOCAL  DEFAULT    1 End
    46: 0000004e     0 NOTYPE  LOCAL  DEFAULT    1 $d
    47: 00000050     0 NOTYPE  LOCAL  DEFAULT    1 $t
    48: 00000056     0 NOTYPE  LOCAL  DEFAULT    1 loopstart
    49: 0000005c     0 NOTYPE  LOCAL  DEFAULT    1 $d
    50: 0000005e     0 NOTYPE  LOCAL  DEFAULT    1 $t
    51: 000000c8     0 NOTYPE  LOCAL  DEFAULT    1 reloop
    52: 0000007a     0 NOTYPE  LOCAL  DEFAULT    1 $d
    53: 0000007c     0 NOTYPE  LOCAL  DEFAULT    1 $t
    54: 00000096     0 NOTYPE  LOCAL  DEFAULT    1 $d
    55: 00000098     0 NOTYPE  LOCAL  DEFAULT    1 $t
    56: 000000a4     0 NOTYPE  LOCAL  DEFAULT    1 $d
    57: 000000a6     0 NOTYPE  LOCAL  DEFAULT    1 $t
    58: 00000116     0 NOTYPE  LOCAL  DEFAULT    1 RangeBuilder
    59: 000000ba     0 NOTYPE  LOCAL  DEFAULT    1 $d
    60: 000000bc     0 NOTYPE  LOCAL  DEFAULT    1 $t
    61: 00000102     0 NOTYPE  LOCAL  DEFAULT    1 PocketWrite
    62: 000000d4     0 NOTYPE  LOCAL  DEFAULT    1 loopexit
    63: 000000f0     0 NOTYPE  LOCAL  DEFAULT    1 $d
    64: 000000f2     0 NOTYPE  LOCAL  DEFAULT    1 $t
    65: 00000100     0 NOTYPE  LOCAL  DEFAULT    1 Jump
    66: 00000128     0 NOTYPE  LOCAL  DEFAULT    1 $d
    67: 0000012a     0 NOTYPE  LOCAL  DEFAULT    1 $t
    68: 00000136     0 NOTYPE  LOCAL  DEFAULT    1 $d
    69: 00000138     0 NOTYPE  LOCAL  DEFAULT    1 $t
    70: 0000014e     0 NOTYPE  LOCAL  DEFAULT    1 SkipMinRange
    71: 0000014c     0 NOTYPE  LOCAL  DEFAULT    1 $d
    72: 0000014e     0 NOTYPE  LOCAL  DEFAULT    1 $t
    73: 00000154     0 NOTYPE  LOCAL  DEFAULT    1 $d
    74: 00000000     0 SECTION LOCAL  DEFAULT    6 
    75: 0000000c     0 NOTYPE  LOCAL  DEFAULT    9 $d
    76: 00000000     0 SECTION LOCAL  DEFAULT    8 
    77: 00000000     0 SECTION LOCAL  DEFAULT    4 
    78: 00000000     0 SECTION LOCAL  DEFAULT    9 
    79: 00000000     0 SECTION LOCAL  DEFAULT   11 
