
Symbol table '.symtab' contains 69 entries:
   Num:    Value  Size Type    Bind   Vis      Ndx Name
     0: 00000000     0 NOTYPE  LOCAL  DEFAULT  UND 
     1: 00000000     0 SECTION LOCAL  DEFAULT    1 
     2: 00000000     0 SECTION LOCAL  DEFAULT    2 
     3: 00000000     0 SECTION LOCAL  DEFAULT    3 
     4: 0202e4d4     0 NOTYPE  LOCAL  DEFAULT  ABS MapSize
     5: 0202e4e0     0 NOTYPE  LOCAL  DEFAULT  ABS MoveCostMapRows
     6: 0202e4e4     0 NOTYPE  LOCAL  DEFAULT  ABS RangeMap
     7: 0203a958     0 NOTYPE  LOCAL  DEFAULT  ABS ActionStruct
     8: 0203aa94     0 NOTYPE  LOCAL  DEFAULT  ABS AIActionStruct
     9: 03004e50     0 NOTYPE  LOCAL  DEFAULT  ABS ActiveUnit
    10: 0203aa04     0 NOTYPE  LOCAL  DEFAULT  ABS turnList
    11: 08018a1c     0 NOTYPE  LOCAL  DEFAULT  ABS GetHalfMag
    12: 08019150     0 NOTYPE  LOCAL  DEFAULT  ABS GetCurrentHP
    13: 08019190     0 NOTYPE  LOCAL  DEFAULT  ABS GetMaxHP
    14: 08019430     0 NOTYPE  LOCAL  DEFAULT  ABS RamCharByID
    15: 0803c818     0 NOTYPE  LOCAL  DEFAULT  ABS AIAllegianceCheck
    16: 0802e1f0     0 NOTYPE  LOCAL  DEFAULT  ABS FindTrapAt
    17: 0802e24c     0 NOTYPE  LOCAL  DEFAULT  ABS FindTrapType
    18: 080197e4     0 NOTYPE  LOCAL  DEFAULT  ABS FillMap
    19: 0801aabc     0 NOTYPE  LOCAL  DEFAULT  ABS AddRange
    20: 0801b950     0 NOTYPE  LOCAL  DEFAULT  ABS MagicSealCheck
    21: 0803c490     0 NOTYPE  LOCAL  DEFAULT  ABS MovBuild
    22: 0803bfd0     0 NOTYPE  LOCAL  DEFAULT  ABS IsTileReachable
    23: 0803c284     0 NOTYPE  LOCAL  DEFAULT  ABS FindNewSpot
    24: 08039c20     0 NOTYPE  LOCAL  DEFAULT  ABS ActionWrite
    25: 0802ccdc     0 NOTYPE  LOCAL  DEFAULT  ABS StaffHitRate
    26: 00000184     0 NOTYPE  LOCAL  DEFAULT    1 MovGetter
    27: 00000184     0 NOTYPE  LOCAL  DEFAULT    1 OffsetList
    28: 00000188     0 NOTYPE  LOCAL  DEFAULT    1 StaffRangeGetter
    29: 00000000     0 NOTYPE  LOCAL  DEFAULT    1 $t
    30: 00000028     0 NOTYPE  LOCAL  DEFAULT    1 $d
    31: 0000002a     0 NOTYPE  LOCAL  DEFAULT    1 $t
    32: 00000030     0 NOTYPE  LOCAL  DEFAULT    1 $d
    33: 00000032     0 NOTYPE  LOCAL  DEFAULT    1 $t
    34: 000000ee     0 NOTYPE  LOCAL  DEFAULT    1 End
    35: 0000004e     0 NOTYPE  LOCAL  DEFAULT    1 $d
    36: 00000050     0 NOTYPE  LOCAL  DEFAULT    1 $t
    37: 000000be     0 NOTYPE  LOCAL  DEFAULT    1 y_reloop
    38: 0000005e     0 NOTYPE  LOCAL  DEFAULT    1 y_loop
    39: 00000064     0 NOTYPE  LOCAL  DEFAULT    1 x_loop
    40: 0000006a     0 NOTYPE  LOCAL  DEFAULT    1 $d
    41: 0000006c     0 NOTYPE  LOCAL  DEFAULT    1 $t
    42: 00000086     0 NOTYPE  LOCAL  DEFAULT    1 $d
    43: 00000088     0 NOTYPE  LOCAL  DEFAULT    1 $t
    44: 000000b6     0 NOTYPE  LOCAL  DEFAULT    1 x_reloop
    45: 00000096     0 NOTYPE  LOCAL  DEFAULT    1 $d
    46: 00000098     0 NOTYPE  LOCAL  DEFAULT    1 $t
    47: 00000118     0 NOTYPE  LOCAL  DEFAULT    1 RangeBuilder
    48: 000000ac     0 NOTYPE  LOCAL  DEFAULT    1 $d
    49: 000000ae     0 NOTYPE  LOCAL  DEFAULT    1 $t
    50: 000000fe     0 NOTYPE  LOCAL  DEFAULT    1 PocketWrite
    51: 000000c6     0 NOTYPE  LOCAL  DEFAULT    1 loopexit
    52: 000000ec     0 NOTYPE  LOCAL  DEFAULT    1 $d
    53: 000000ee     0 NOTYPE  LOCAL  DEFAULT    1 $t
    54: 000000fc     0 NOTYPE  LOCAL  DEFAULT    1 Jump
    55: 0000012a     0 NOTYPE  LOCAL  DEFAULT    1 $d
    56: 0000012c     0 NOTYPE  LOCAL  DEFAULT    1 $t
    57: 00000138     0 NOTYPE  LOCAL  DEFAULT    1 $d
    58: 0000013a     0 NOTYPE  LOCAL  DEFAULT    1 $t
    59: 00000150     0 NOTYPE  LOCAL  DEFAULT    1 SkipMinRange
    60: 0000014e     0 NOTYPE  LOCAL  DEFAULT    1 $d
    61: 00000150     0 NOTYPE  LOCAL  DEFAULT    1 $t
    62: 00000154     0 NOTYPE  LOCAL  DEFAULT    1 $d
    63: 00000000     0 SECTION LOCAL  DEFAULT    6 
    64: 0000000c     0 NOTYPE  LOCAL  DEFAULT    9 $d
    65: 00000000     0 SECTION LOCAL  DEFAULT    8 
    66: 00000000     0 SECTION LOCAL  DEFAULT    4 
    67: 00000000     0 SECTION LOCAL  DEFAULT    9 
    68: 00000000     0 SECTION LOCAL  DEFAULT   11 
