
Symbol table '.symtab' contains 18 entries:
   Num:    Value  Size Type    Bind   Vis      Ndx Name
     0: 00000000     0 NOTYPE  LOCAL  DEFAULT  UND 
     1: 00000000     0 SECTION LOCAL  DEFAULT    1 
     2: 00000000     0 SECTION LOCAL  DEFAULT    2 
     3: 00000000     0 SECTION LOCAL  DEFAULT    3 
     4: 00000000     0 NOTYPE  LOCAL  DEFAULT    1 $t
     5: 00000030     0 NOTYPE  LOCAL  DEFAULT    1 EIDGetter
     6: 0000000c     0 NOTYPE  LOCAL  DEFAULT    1 LoopStart
     7: 0000001e     0 NOTYPE  LOCAL  DEFAULT    1 Reloop
     8: 00000014     0 NOTYPE  LOCAL  DEFAULT    1 $d
     9: 00000016     0 NOTYPE  LOCAL  DEFAULT    1 $t
    10: 0000002a     0 NOTYPE  LOCAL  DEFAULT    1 Return
    11: 00000026     0 NOTYPE  LOCAL  DEFAULT    1 LoopFail
    12: 00000000     0 SECTION LOCAL  DEFAULT    6 
    13: 0000000c     0 NOTYPE  LOCAL  DEFAULT    9 $d
    14: 00000000     0 SECTION LOCAL  DEFAULT    8 
    15: 00000000     0 SECTION LOCAL  DEFAULT    4 
    16: 00000000     0 SECTION LOCAL  DEFAULT    9 
    17: 00000000     0 SECTION LOCAL  DEFAULT   11 
