
Symbol table '.symtab' contains 18 entries:
   Num:    Value  Size Type    Bind   Vis      Ndx Name
     0: 00000000     0 NOTYPE  LOCAL  DEFAULT  UND 
     1: 00000000     0 SECTION LOCAL  DEFAULT    1 
     2: 00000000     0 SECTION LOCAL  DEFAULT    3 
     3: 00000000     0 SECTION LOCAL  DEFAULT    4 
     4: 00000000     0 NOTYPE  LOCAL  DEFAULT    1 $t
     5: 0000001c     0 NOTYPE  LOCAL  DEFAULT    1 SkipLockpick
     6: 00000044     0 NOTYPE  LOCAL  DEFAULT    1 PopBack
     7: 0000002e     0 NOTYPE  LOCAL  DEFAULT    1 DoorKeyCheck
     8: 0000003c     0 NOTYPE  LOCAL  DEFAULT    1 DefaultCheck
     9: 00000036     0 NOTYPE  LOCAL  DEFAULT    1 MasterKeyCheck
    10: 00000000     0 SECTION LOCAL  DEFAULT    7 
    11: 0000000c     0 NOTYPE  LOCAL  DEFAULT   10 $d
    12: 00000000     0 SECTION LOCAL  DEFAULT    9 
    13: 00000000     0 SECTION LOCAL  DEFAULT    5 
    14: 00000000     0 SECTION LOCAL  DEFAULT   10 
    15: 00000000     0 SECTION LOCAL  DEFAULT   12 
    16: 00000000     0 NOTYPE  GLOBAL DEFAULT  UND LockpickCheck
    17: 00000000     0 NOTYPE  GLOBAL DEFAULT  UND InventoryCheck
