
Symbol table '.symtab' contains 18 entries:
   Num:    Value  Size Type    Bind   Vis      Ndx Name
     0: 00000000     0 NOTYPE  LOCAL  DEFAULT  UND 
     1: 00000000     0 SECTION LOCAL  DEFAULT    1 
     2: 00000000     0 SECTION LOCAL  DEFAULT    2 
     3: 00000000     0 SECTION LOCAL  DEFAULT    3 
     4: 00000000     0 NOTYPE  LOCAL  DEFAULT    1 $t
     5: 0000003c     0 NOTYPE  LOCAL  DEFAULT    1 ChestCheck
     6: 00000038     0 NOTYPE  LOCAL  DEFAULT    1 Jump
     7: 00000030     0 NOTYPE  LOCAL  DEFAULT    1 TrueCase
     8: 00000040     0 NOTYPE  LOCAL  DEFAULT    1 DoorCheck
     9: 00000044     0 NOTYPE  LOCAL  DEFAULT    1 Routine3
    10: 00000032     0 NOTYPE  LOCAL  DEFAULT    1 PopBack
    11: 0000003c     0 NOTYPE  LOCAL  DEFAULT    1 $d
    12: 00000000     0 SECTION LOCAL  DEFAULT    6 
    13: 0000000c     0 NOTYPE  LOCAL  DEFAULT    9 $d
    14: 00000000     0 SECTION LOCAL  DEFAULT    8 
    15: 00000000     0 SECTION LOCAL  DEFAULT    4 
    16: 00000000     0 SECTION LOCAL  DEFAULT    9 
    17: 00000000     0 SECTION LOCAL  DEFAULT   11 
