
Symbol table '.symtab' contains 24 entries:
   Num:    Value  Size Type    Bind   Vis      Ndx Name
     0: 00000000     0 NOTYPE  LOCAL  DEFAULT  UND 
     1: 00000000     0 SECTION LOCAL  DEFAULT    1 
     2: 00000000     0 SECTION LOCAL  DEFAULT    3 
     3: 00000000     0 SECTION LOCAL  DEFAULT    4 
     4: 00000000     0 NOTYPE  LOCAL  DEFAULT    1 $t
     5: 0000000c     0 NOTYPE  LOCAL  DEFAULT    1 reloop
     6: 00000078     0 NOTYPE  LOCAL  DEFAULT    1 Unusable
     7: 0000001a     0 NOTYPE  LOCAL  DEFAULT    1 SpecialPromoCheck
     8: 00000048     0 NOTYPE  LOCAL  DEFAULT    1 PromoLevelCheck
     9: 0000003e     0 NOTYPE  LOCAL  DEFAULT    1 Skip
    10: 0000005a     0 NOTYPE  LOCAL  DEFAULT    1 PromoClassListCheck
    11: 00000076     0 NOTYPE  LOCAL  DEFAULT    1 Usable
    12: 00000068     0 NOTYPE  LOCAL  DEFAULT    1 loop
    13: 0000007a     0 NOTYPE  LOCAL  DEFAULT    1 End
    14: 00000080     0 NOTYPE  LOCAL  DEFAULT    1 $d
    15: 00000000     0 SECTION LOCAL  DEFAULT    7 
    16: 0000000c     0 NOTYPE  LOCAL  DEFAULT   10 $d
    17: 00000000     0 SECTION LOCAL  DEFAULT    9 
    18: 00000000     0 SECTION LOCAL  DEFAULT    5 
    19: 00000000     0 SECTION LOCAL  DEFAULT   10 
    20: 00000000     0 SECTION LOCAL  DEFAULT   12 
    21: 00000000     0 NOTYPE  GLOBAL DEFAULT  UND PromoItemTable
    22: 00000000     0 NOTYPE  GLOBAL DEFAULT  UND bl_to_bx_r3
    23: 00000000     0 NOTYPE  GLOBAL DEFAULT  UND Item_GetStat_EPV_Jump
